Performing C SOURCE FILE Test HAVE_GCC_PREFERRED_STACK_BOUNDARY failed with the following output:
Change Dir: /Users/jamesfolk/Documents/NJLI/TESTBED/test_project_repo/_build_ios/CMakeFiles/CMakeTmp

Run Build Command:"/Applications/Xcode.app/Contents/Developer/usr/bin/xcodebuild" "-project" "CMAKE_TRY_COMPILE.xcodeproj" "build" "-target" "cmTC_9aef0" "-configuration" "Debug"
=== BUILD TARGET cmTC_9aef0 OF PROJECT CMAKE_TRY_COMPILE WITH CONFIGURATION Debug ===

Check dependencies

Write auxiliary files
/bin/mkdir -p /Users/jamesfolk/Documents/NJLI/TESTBED/test_project_repo/_build_ios/CMakeFiles/CMakeTmp/CMAKE_TRY_COMPILE.build/Debug/cmTC_9aef0.build/Objects-normal/x86_64
write-file /Users/jamesfolk/Documents/NJLI/TESTBED/test_project_repo/_build_ios/CMakeFiles/CMakeTmp/CMAKE_TRY_COMPILE.build/Debug/cmTC_9aef0.build/Objects-normal/x86_64/cmTC_9aef0.LinkFileList

CompileC CMAKE_TRY_COMPILE.build/Debug/cmTC_9aef0.build/Objects-normal/x86_64/src.o src.c normal x86_64 c com.apple.compilers.llvm.clang.1_0.compiler
    cd /Users/jamesfolk/Documents/NJLI/TESTBED/test_project_repo/_build_ios/CMakeFiles/CMakeTmp
    export LANG=en_US.US-ASCII
    /Applications/Xcode.app/Contents/Developer/Toolchains/XcodeDefault.xctoolchain/usr/bin/clang -x c -arch x86_64 -fmessage-length=0 -fdiagnostics-show-note-include-stack -fmacro-backtrace-limit=0 -Wno-trigraphs -fpascal-strings -O0 -Wno-missing-field-initializers -Wno-missing-prototypes -Wno-return-type -Wno-missing-braces -Wparentheses -Wswitch -Wno-unused-function -Wno-unused-label -Wno-unused-parameter -Wno-unused-variable -Wunused-value -Wno-empty-body -Wno-uninitialized -Wno-unknown-pragmas -Wno-shadow -Wno-four-char-constants -Wno-conversion -Wno-constant-conversion -Wno-int-conversion -Wno-bool-conversion -Wno-enum-conversion -Wno-float-conversion -Wno-non-literal-null-conversion -Wno-objc-literal-conversion -Wno-shorten-64-to-32 -Wpointer-sign -Wno-newline-eof -DCMAKE_INTDIR=\"Debug\" -isysroot /Applications/Xcode.app/Contents/Developer/Platforms/MacOSX.platform/Developer/SDKs/MacOSX10.13.sdk -fasm-blocks -fstrict-aliasing -Wdeprecated-declarations -mmacosx-version-min=10.13 -g -Wno-sign-conversion -Wno-infinite-recursion -Wno-comma -Wno-block-capture-autoreleasing -Wno-strict-prototypes -I/Users/jamesfolk/Documents/NJLI/TESTBED/test_project_repo/_build_ios/CMakeFiles/CMakeTmp/Debug/include -I/Users/jamesfolk/Documents/NJLI/TESTBED/test_project_repo/_build_ios/CMakeFiles/CMakeTmp/CMAKE_TRY_COMPILE.build/Debug/cmTC_9aef0.build/DerivedSources/x86_64 -I/Users/jamesfolk/Documents/NJLI/TESTBED/test_project_repo/_build_ios/CMakeFiles/CMakeTmp/CMAKE_TRY_COMPILE.build/Debug/cmTC_9aef0.build/DerivedSources -Wmost -Wno-four-char-constants -Wno-unknown-pragmas -F/Users/jamesfolk/Documents/NJLI/TESTBED/test_project_repo/_build_ios/CMakeFiles/CMakeTmp/Debug -DHAVE_GCC_PREFERRED_STACK_BOUNDARY -mpreferred-stack-boundary=2 -MMD -MT dependencies -MF /Users/jamesfolk/Documents/NJLI/TESTBED/test_project_repo/_build_ios/CMakeFiles/CMakeTmp/CMAKE_TRY_COMPILE.build/Debug/cmTC_9aef0.build/Objects-normal/x86_64/src.d --serialize-diagnostics /Users/jamesfolk/Documents/NJLI/TESTBED/test_project_repo/_build_ios/CMakeFiles/CMakeTmp/CMAKE_TRY_COMPILE.build/Debug/cmTC_9aef0.build/Objects-normal/x86_64/src.dia -c /Users/jamesfolk/Documents/NJLI/TESTBED/test_project_repo/_build_ios/CMakeFiles/CMakeTmp/src.c -o /Users/jamesfolk/Documents/NJLI/TESTBED/test_project_repo/_build_ios/CMakeFiles/CMakeTmp/CMAKE_TRY_COMPILE.build/Debug/cmTC_9aef0.build/Objects-normal/x86_64/src.o
clang: error: unknown argument: '-mpreferred-stack-boundary=2'

** BUILD FAILED **


The following build commands failed:
	CompileC CMAKE_TRY_COMPILE.build/Debug/cmTC_9aef0.build/Objects-normal/x86_64/src.o src.c normal x86_64 c com.apple.compilers.llvm.clang.1_0.compiler
(1 failure)

Source file was:
int x = 0; int main(int argc, char **argv) {}
Performing C SOURCE FILE Test HAVE_ALTIVEC_H_HDR failed with the following output:
Change Dir: /Users/jamesfolk/Documents/NJLI/TESTBED/test_project_repo/_build_ios/CMakeFiles/CMakeTmp

Run Build Command:"/Applications/Xcode.app/Contents/Developer/usr/bin/xcodebuild" "-project" "CMAKE_TRY_COMPILE.xcodeproj" "build" "-target" "cmTC_3bb58" "-configuration" "Debug"
=== BUILD TARGET cmTC_3bb58 OF PROJECT CMAKE_TRY_COMPILE WITH CONFIGURATION Debug ===

Check dependencies

Write auxiliary files
/bin/mkdir -p /Users/jamesfolk/Documents/NJLI/TESTBED/test_project_repo/_build_ios/CMakeFiles/CMakeTmp/CMAKE_TRY_COMPILE.build/Debug/cmTC_3bb58.build/Objects-normal/x86_64
write-file /Users/jamesfolk/Documents/NJLI/TESTBED/test_project_repo/_build_ios/CMakeFiles/CMakeTmp/CMAKE_TRY_COMPILE.build/Debug/cmTC_3bb58.build/Objects-normal/x86_64/cmTC_3bb58.LinkFileList

CompileC CMAKE_TRY_COMPILE.build/Debug/cmTC_3bb58.build/Objects-normal/x86_64/src.o src.c normal x86_64 c com.apple.compilers.llvm.clang.1_0.compiler
    cd /Users/jamesfolk/Documents/NJLI/TESTBED/test_project_repo/_build_ios/CMakeFiles/CMakeTmp
    export LANG=en_US.US-ASCII
    /Applications/Xcode.app/Contents/Developer/Toolchains/XcodeDefault.xctoolchain/usr/bin/clang -x c -arch x86_64 -fmessage-length=0 -fdiagnostics-show-note-include-stack -fmacro-backtrace-limit=0 -Wno-trigraphs -fpascal-strings -O0 -Wno-missing-field-initializers -Wno-missing-prototypes -Wno-return-type -Wno-missing-braces -Wparentheses -Wswitch -Wno-unused-function -Wno-unused-label -Wno-unused-parameter -Wno-unused-variable -Wunused-value -Wno-empty-body -Wno-uninitialized -Wno-unknown-pragmas -Wno-shadow -Wno-four-char-constants -Wno-conversion -Wno-constant-conversion -Wno-int-conversion -Wno-bool-conversion -Wno-enum-conversion -Wno-float-conversion -Wno-non-literal-null-conversion -Wno-objc-literal-conversion -Wno-shorten-64-to-32 -Wpointer-sign -Wno-newline-eof -DCMAKE_INTDIR=\"Debug\" -isysroot /Applications/Xcode.app/Contents/Developer/Platforms/MacOSX.platform/Developer/SDKs/MacOSX10.13.sdk -fasm-blocks -fstrict-aliasing -Wdeprecated-declarations -mmacosx-version-min=10.13 -g -Wno-sign-conversion -Wno-infinite-recursion -Wno-comma -Wno-block-capture-autoreleasing -Wno-strict-prototypes -I/Users/jamesfolk/Documents/NJLI/TESTBED/test_project_repo/_build_ios/CMakeFiles/CMakeTmp/Debug/include -I/Users/jamesfolk/Documents/NJLI/TESTBED/test_project_repo/_build_ios/CMakeFiles/CMakeTmp/CMAKE_TRY_COMPILE.build/Debug/cmTC_3bb58.build/DerivedSources/x86_64 -I/Users/jamesfolk/Documents/NJLI/TESTBED/test_project_repo/_build_ios/CMakeFiles/CMakeTmp/CMAKE_TRY_COMPILE.build/Debug/cmTC_3bb58.build/DerivedSources -Wmost -Wno-four-char-constants -Wno-unknown-pragmas -F/Users/jamesfolk/Documents/NJLI/TESTBED/test_project_repo/_build_ios/CMakeFiles/CMakeTmp/Debug -DHAVE_ALTIVEC_H_HDR -maltivec -MMD -MT dependencies -MF /Users/jamesfolk/Documents/NJLI/TESTBED/test_project_repo/_build_ios/CMakeFiles/CMakeTmp/CMAKE_TRY_COMPILE.build/Debug/cmTC_3bb58.build/Objects-normal/x86_64/src.d --serialize-diagnostics /Users/jamesfolk/Documents/NJLI/TESTBED/test_project_repo/_build_ios/CMakeFiles/CMakeTmp/CMAKE_TRY_COMPILE.build/Debug/cmTC_3bb58.build/Objects-normal/x86_64/src.dia -c /Users/jamesfolk/Documents/NJLI/TESTBED/test_project_repo/_build_ios/CMakeFiles/CMakeTmp/src.c -o /Users/jamesfolk/Documents/NJLI/TESTBED/test_project_repo/_build_ios/CMakeFiles/CMakeTmp/CMAKE_TRY_COMPILE.build/Debug/cmTC_3bb58.build/Objects-normal/x86_64/src.o
clang: error: invalid argument '-faltivec' only allowed with 'ppc/ppc64/ppc64le'

** BUILD FAILED **


The following build commands failed:
	CompileC CMAKE_TRY_COMPILE.build/Debug/cmTC_3bb58.build/Objects-normal/x86_64/src.o src.c normal x86_64 c com.apple.compilers.llvm.clang.1_0.compiler
(1 failure)

Source file was:

          #include <altivec.h>
          vector unsigned int vzero() {
              return vec_splat_u32(0);
          }
          int main(int argc, char **argv) { }
Performing C SOURCE FILE Test HAVE_ALTIVEC failed with the following output:
Change Dir: /Users/jamesfolk/Documents/NJLI/TESTBED/test_project_repo/_build_ios/CMakeFiles/CMakeTmp

Run Build Command:"/Applications/Xcode.app/Contents/Developer/usr/bin/xcodebuild" "-project" "CMAKE_TRY_COMPILE.xcodeproj" "build" "-target" "cmTC_e1ae2" "-configuration" "Debug"
=== BUILD TARGET cmTC_e1ae2 OF PROJECT CMAKE_TRY_COMPILE WITH CONFIGURATION Debug ===

Check dependencies

Write auxiliary files
/bin/mkdir -p /Users/jamesfolk/Documents/NJLI/TESTBED/test_project_repo/_build_ios/CMakeFiles/CMakeTmp/CMAKE_TRY_COMPILE.build/Debug/cmTC_e1ae2.build/Objects-normal/x86_64
write-file /Users/jamesfolk/Documents/NJLI/TESTBED/test_project_repo/_build_ios/CMakeFiles/CMakeTmp/CMAKE_TRY_COMPILE.build/Debug/cmTC_e1ae2.build/Objects-normal/x86_64/cmTC_e1ae2.LinkFileList

CompileC CMAKE_TRY_COMPILE.build/Debug/cmTC_e1ae2.build/Objects-normal/x86_64/src.o src.c normal x86_64 c com.apple.compilers.llvm.clang.1_0.compiler
    cd /Users/jamesfolk/Documents/NJLI/TESTBED/test_project_repo/_build_ios/CMakeFiles/CMakeTmp
    export LANG=en_US.US-ASCII
    /Applications/Xcode.app/Contents/Developer/Toolchains/XcodeDefault.xctoolchain/usr/bin/clang -x c -arch x86_64 -fmessage-length=0 -fdiagnostics-show-note-include-stack -fmacro-backtrace-limit=0 -Wno-trigraphs -fpascal-strings -O0 -Wno-missing-field-initializers -Wno-missing-prototypes -Wno-return-type -Wno-missing-braces -Wparentheses -Wswitch -Wno-unused-function -Wno-unused-label -Wno-unused-parameter -Wno-unused-variable -Wunused-value -Wno-empty-body -Wno-uninitialized -Wno-unknown-pragmas -Wno-shadow -Wno-four-char-constants -Wno-conversion -Wno-constant-conversion -Wno-int-conversion -Wno-bool-conversion -Wno-enum-conversion -Wno-float-conversion -Wno-non-literal-null-conversion -Wno-objc-literal-conversion -Wno-shorten-64-to-32 -Wpointer-sign -Wno-newline-eof -DCMAKE_INTDIR=\"Debug\" -isysroot /Applications/Xcode.app/Contents/Developer/Platforms/MacOSX.platform/Developer/SDKs/MacOSX10.13.sdk -fasm-blocks -fstrict-aliasing -Wdeprecated-declarations -mmacosx-version-min=10.13 -g -Wno-sign-conversion -Wno-infinite-recursion -Wno-comma -Wno-block-capture-autoreleasing -Wno-strict-prototypes -I/Users/jamesfolk/Documents/NJLI/TESTBED/test_project_repo/_build_ios/CMakeFiles/CMakeTmp/Debug/include -I/Users/jamesfolk/Documents/NJLI/TESTBED/test_project_repo/_build_ios/CMakeFiles/CMakeTmp/CMAKE_TRY_COMPILE.build/Debug/cmTC_e1ae2.build/DerivedSources/x86_64 -I/Users/jamesfolk/Documents/NJLI/TESTBED/test_project_repo/_build_ios/CMakeFiles/CMakeTmp/CMAKE_TRY_COMPILE.build/Debug/cmTC_e1ae2.build/DerivedSources -Wmost -Wno-four-char-constants -Wno-unknown-pragmas -F/Users/jamesfolk/Documents/NJLI/TESTBED/test_project_repo/_build_ios/CMakeFiles/CMakeTmp/Debug -DHAVE_ALTIVEC -maltivec -MMD -MT dependencies -MF /Users/jamesfolk/Documents/NJLI/TESTBED/test_project_repo/_build_ios/CMakeFiles/CMakeTmp/CMAKE_TRY_COMPILE.build/Debug/cmTC_e1ae2.build/Objects-normal/x86_64/src.d --serialize-diagnostics /Users/jamesfolk/Documents/NJLI/TESTBED/test_project_repo/_build_ios/CMakeFiles/CMakeTmp/CMAKE_TRY_COMPILE.build/Debug/cmTC_e1ae2.build/Objects-normal/x86_64/src.dia -c /Users/jamesfolk/Documents/NJLI/TESTBED/test_project_repo/_build_ios/CMakeFiles/CMakeTmp/src.c -o /Users/jamesfolk/Documents/NJLI/TESTBED/test_project_repo/_build_ios/CMakeFiles/CMakeTmp/CMAKE_TRY_COMPILE.build/Debug/cmTC_e1ae2.build/Objects-normal/x86_64/src.o
clang: error: invalid argument '-faltivec' only allowed with 'ppc/ppc64/ppc64le'

** BUILD FAILED **


The following build commands failed:
	CompileC CMAKE_TRY_COMPILE.build/Debug/cmTC_e1ae2.build/Objects-normal/x86_64/src.o src.c normal x86_64 c com.apple.compilers.llvm.clang.1_0.compiler
(1 failure)

Source file was:

          vector unsigned int vzero() {
              return vec_splat_u32(0);
          }
          int main(int argc, char **argv) { }
Determining if the include file malloc.h exists failed with the following output:
Change Dir: /Users/jamesfolk/Documents/NJLI/TESTBED/test_project_repo/_build_ios/CMakeFiles/CMakeTmp

Run Build Command:"/Applications/Xcode.app/Contents/Developer/usr/bin/xcodebuild" "-project" "CMAKE_TRY_COMPILE.xcodeproj" "build" "-target" "cmTC_ecb4b" "-configuration" "Debug"
=== BUILD TARGET cmTC_ecb4b OF PROJECT CMAKE_TRY_COMPILE WITH CONFIGURATION Debug ===

Check dependencies

Write auxiliary files
/bin/mkdir -p /Users/jamesfolk/Documents/NJLI/TESTBED/test_project_repo/_build_ios/CMakeFiles/CMakeTmp/CMAKE_TRY_COMPILE.build/Debug/cmTC_ecb4b.build/Objects-normal/x86_64
write-file /Users/jamesfolk/Documents/NJLI/TESTBED/test_project_repo/_build_ios/CMakeFiles/CMakeTmp/CMAKE_TRY_COMPILE.build/Debug/cmTC_ecb4b.build/Objects-normal/x86_64/cmTC_ecb4b.LinkFileList

CompileC CMAKE_TRY_COMPILE.build/Debug/cmTC_ecb4b.build/Objects-normal/x86_64/CheckIncludeFile.o CheckIncludeFile.c normal x86_64 c com.apple.compilers.llvm.clang.1_0.compiler
    cd /Users/jamesfolk/Documents/NJLI/TESTBED/test_project_repo/_build_ios/CMakeFiles/CMakeTmp
    export LANG=en_US.US-ASCII
    /Applications/Xcode.app/Contents/Developer/Toolchains/XcodeDefault.xctoolchain/usr/bin/clang -x c -arch x86_64 -fmessage-length=0 -fdiagnostics-show-note-include-stack -fmacro-backtrace-limit=0 -Wno-trigraphs -fpascal-strings -O0 -Wno-missing-field-initializers -Wno-missing-prototypes -Wno-return-type -Wno-missing-braces -Wparentheses -Wswitch -Wno-unused-function -Wno-unused-label -Wno-unused-parameter -Wno-unused-variable -Wunused-value -Wno-empty-body -Wno-uninitialized -Wno-unknown-pragmas -Wno-shadow -Wno-four-char-constants -Wno-conversion -Wno-constant-conversion -Wno-int-conversion -Wno-bool-conversion -Wno-enum-conversion -Wno-float-conversion -Wno-non-literal-null-conversion -Wno-objc-literal-conversion -Wno-shorten-64-to-32 -Wpointer-sign -Wno-newline-eof -DCMAKE_INTDIR=\"Debug\" -isysroot /Applications/Xcode.app/Contents/Developer/Platforms/MacOSX.platform/Developer/SDKs/MacOSX10.13.sdk -fasm-blocks -fstrict-aliasing -Wdeprecated-declarations -mmacosx-version-min=10.13 -g -Wno-sign-conversion -Wno-infinite-recursion -Wno-comma -Wno-block-capture-autoreleasing -Wno-strict-prototypes -I/Users/jamesfolk/Documents/NJLI/TESTBED/test_project_repo/_build_ios/CMakeFiles/CMakeTmp/Debug/include -I/Users/jamesfolk/Documents/NJLI/TESTBED/test_project_repo/_build_ios/CMakeFiles/CMakeTmp/CMAKE_TRY_COMPILE.build/Debug/cmTC_ecb4b.build/DerivedSources/x86_64 -I/Users/jamesfolk/Documents/NJLI/TESTBED/test_project_repo/_build_ios/CMakeFiles/CMakeTmp/CMAKE_TRY_COMPILE.build/Debug/cmTC_ecb4b.build/DerivedSources -Wmost -Wno-four-char-constants -Wno-unknown-pragmas -F/Users/jamesfolk/Documents/NJLI/TESTBED/test_project_repo/_build_ios/CMakeFiles/CMakeTmp/Debug -MMD -MT dependencies -MF /Users/jamesfolk/Documents/NJLI/TESTBED/test_project_repo/_build_ios/CMakeFiles/CMakeTmp/CMAKE_TRY_COMPILE.build/Debug/cmTC_ecb4b.build/Objects-normal/x86_64/CheckIncludeFile.d --serialize-diagnostics /Users/jamesfolk/Documents/NJLI/TESTBED/test_project_repo/_build_ios/CMakeFiles/CMakeTmp/CMAKE_TRY_COMPILE.build/Debug/cmTC_ecb4b.build/Objects-normal/x86_64/CheckIncludeFile.dia -c /Users/jamesfolk/Documents/NJLI/TESTBED/test_project_repo/_build_ios/CMakeFiles/CMakeTmp/CheckIncludeFile.c -o /Users/jamesfolk/Documents/NJLI/TESTBED/test_project_repo/_build_ios/CMakeFiles/CMakeTmp/CMAKE_TRY_COMPILE.build/Debug/cmTC_ecb4b.build/Objects-normal/x86_64/CheckIncludeFile.o
/Users/jamesfolk/Documents/NJLI/TESTBED/test_project_repo/_build_ios/CMakeFiles/CMakeTmp/CheckIncludeFile.c:1:10: fatal error: 'malloc.h' file not found
#include <malloc.h>
         ^~~~~~~~~~
1 error generated.

** BUILD FAILED **


The following build commands failed:
	CompileC CMAKE_TRY_COMPILE.build/Debug/cmTC_ecb4b.build/Objects-normal/x86_64/CheckIncludeFile.o CheckIncludeFile.c normal x86_64 c com.apple.compilers.llvm.clang.1_0.compiler
(1 failure)


Determining if the function _strrev exists failed with the following output:
Change Dir: /Users/jamesfolk/Documents/NJLI/TESTBED/test_project_repo/_build_ios/CMakeFiles/CMakeTmp

Run Build Command:"/Applications/Xcode.app/Contents/Developer/usr/bin/xcodebuild" "-project" "CMAKE_TRY_COMPILE.xcodeproj" "build" "-target" "cmTC_08e45" "-configuration" "Debug"
=== BUILD TARGET cmTC_08e45 OF PROJECT CMAKE_TRY_COMPILE WITH CONFIGURATION Debug ===

Check dependencies

Write auxiliary files
/bin/mkdir -p /Users/jamesfolk/Documents/NJLI/TESTBED/test_project_repo/_build_ios/CMakeFiles/CMakeTmp/CMAKE_TRY_COMPILE.build/Debug/cmTC_08e45.build/Objects-normal/x86_64
write-file /Users/jamesfolk/Documents/NJLI/TESTBED/test_project_repo/_build_ios/CMakeFiles/CMakeTmp/CMAKE_TRY_COMPILE.build/Debug/cmTC_08e45.build/Objects-normal/x86_64/cmTC_08e45.LinkFileList

CompileC CMAKE_TRY_COMPILE.build/Debug/cmTC_08e45.build/Objects-normal/x86_64/CheckFunctionExists.o /usr/local/Cellar/cmake/3.9.4_1/share/cmake/Modules/CheckFunctionExists.c normal x86_64 c com.apple.compilers.llvm.clang.1_0.compiler
    cd /Users/jamesfolk/Documents/NJLI/TESTBED/test_project_repo/_build_ios/CMakeFiles/CMakeTmp
    export LANG=en_US.US-ASCII
    /Applications/Xcode.app/Contents/Developer/Toolchains/XcodeDefault.xctoolchain/usr/bin/clang -x c -arch x86_64 -fmessage-length=0 -fdiagnostics-show-note-include-stack -fmacro-backtrace-limit=0 -Wno-trigraphs -fpascal-strings -O0 -Wno-missing-field-initializers -Wno-missing-prototypes -Wno-return-type -Wno-missing-braces -Wparentheses -Wswitch -Wno-unused-function -Wno-unused-label -Wno-unused-parameter -Wno-unused-variable -Wunused-value -Wno-empty-body -Wno-uninitialized -Wno-unknown-pragmas -Wno-shadow -Wno-four-char-constants -Wno-conversion -Wno-constant-conversion -Wno-int-conversion -Wno-bool-conversion -Wno-enum-conversion -Wno-float-conversion -Wno-non-literal-null-conversion -Wno-objc-literal-conversion -Wno-shorten-64-to-32 -Wpointer-sign -Wno-newline-eof -DCMAKE_INTDIR=\"Debug\" -isysroot /Applications/Xcode.app/Contents/Developer/Platforms/MacOSX.platform/Developer/SDKs/MacOSX10.13.sdk -fasm-blocks -fstrict-aliasing -Wdeprecated-declarations -mmacosx-version-min=10.13 -g -Wno-sign-conversion -Wno-infinite-recursion -Wno-comma -Wno-block-capture-autoreleasing -Wno-strict-prototypes -I/Users/jamesfolk/Documents/NJLI/TESTBED/test_project_repo/_build_ios/CMakeFiles/CMakeTmp/Debug/include -I/Users/jamesfolk/Documents/NJLI/TESTBED/test_project_repo/_build_ios/CMakeFiles/CMakeTmp/CMAKE_TRY_COMPILE.build/Debug/cmTC_08e45.build/DerivedSources/x86_64 -I/Users/jamesfolk/Documents/NJLI/TESTBED/test_project_repo/_build_ios/CMakeFiles/CMakeTmp/CMAKE_TRY_COMPILE.build/Debug/cmTC_08e45.build/DerivedSources -Wmost -Wno-four-char-constants -Wno-unknown-pragmas -F/Users/jamesfolk/Documents/NJLI/TESTBED/test_project_repo/_build_ios/CMakeFiles/CMakeTmp/Debug -DCHECK_FUNCTION_EXISTS=_strrev -MMD -MT dependencies -MF /Users/jamesfolk/Documents/NJLI/TESTBED/test_project_repo/_build_ios/CMakeFiles/CMakeTmp/CMAKE_TRY_COMPILE.build/Debug/cmTC_08e45.build/Objects-normal/x86_64/CheckFunctionExists.d --serialize-diagnostics /Users/jamesfolk/Documents/NJLI/TESTBED/test_project_repo/_build_ios/CMakeFiles/CMakeTmp/CMAKE_TRY_COMPILE.build/Debug/cmTC_08e45.build/Objects-normal/x86_64/CheckFunctionExists.dia -c /usr/local/Cellar/cmake/3.9.4_1/share/cmake/Modules/CheckFunctionExists.c -o /Users/jamesfolk/Documents/NJLI/TESTBED/test_project_repo/_build_ios/CMakeFiles/CMakeTmp/CMAKE_TRY_COMPILE.build/Debug/cmTC_08e45.build/Objects-normal/x86_64/CheckFunctionExists.o

Ld Debug/cmTC_08e45 normal x86_64
    cd /Users/jamesfolk/Documents/NJLI/TESTBED/test_project_repo/_build_ios/CMakeFiles/CMakeTmp
    export MACOSX_DEPLOYMENT_TARGET=10.13
    /Applications/Xcode.app/Contents/Developer/Toolchains/XcodeDefault.xctoolchain/usr/bin/clang -arch x86_64 -isysroot /Applications/Xcode.app/Contents/Developer/Platforms/MacOSX.platform/Developer/SDKs/MacOSX10.13.sdk -L/Users/jamesfolk/Documents/NJLI/TESTBED/test_project_repo/_build_ios/CMakeFiles/CMakeTmp/Debug -F/Users/jamesfolk/Documents/NJLI/TESTBED/test_project_repo/_build_ios/CMakeFiles/CMakeTmp/Debug -filelist /Users/jamesfolk/Documents/NJLI/TESTBED/test_project_repo/_build_ios/CMakeFiles/CMakeTmp/CMAKE_TRY_COMPILE.build/Debug/cmTC_08e45.build/Objects-normal/x86_64/cmTC_08e45.LinkFileList -mmacosx-version-min=10.13 -Xlinker -object_path_lto -Xlinker /Users/jamesfolk/Documents/NJLI/TESTBED/test_project_repo/_build_ios/CMakeFiles/CMakeTmp/CMAKE_TRY_COMPILE.build/Debug/cmTC_08e45.build/Objects-normal/x86_64/cmTC_08e45_lto.o -Xlinker -no_deduplicate -Wl,-search_paths_first -Wl,-headerpad_max_install_names -Xlinker -dependency_info -Xlinker /Users/jamesfolk/Documents/NJLI/TESTBED/test_project_repo/_build_ios/CMakeFiles/CMakeTmp/CMAKE_TRY_COMPILE.build/Debug/cmTC_08e45.build/Objects-normal/x86_64/cmTC_08e45_dependency_info.dat -o /Users/jamesfolk/Documents/NJLI/TESTBED/test_project_repo/_build_ios/CMakeFiles/CMakeTmp/Debug/cmTC_08e45
Undefined symbols for architecture x86_64:
  "__strrev", referenced from:
      _main in CheckFunctionExists.o
ld: symbol(s) not found for architecture x86_64
clang: error: linker command failed with exit code 1 (use -v to see invocation)

** BUILD FAILED **


The following build commands failed:
	Ld Debug/cmTC_08e45 normal x86_64
(1 failure)


Determining if the function _strupr exists failed with the following output:
Change Dir: /Users/jamesfolk/Documents/NJLI/TESTBED/test_project_repo/_build_ios/CMakeFiles/CMakeTmp

Run Build Command:"/Applications/Xcode.app/Contents/Developer/usr/bin/xcodebuild" "-project" "CMAKE_TRY_COMPILE.xcodeproj" "build" "-target" "cmTC_91366" "-configuration" "Debug"
=== BUILD TARGET cmTC_91366 OF PROJECT CMAKE_TRY_COMPILE WITH CONFIGURATION Debug ===

Check dependencies

Write auxiliary files
/bin/mkdir -p /Users/jamesfolk/Documents/NJLI/TESTBED/test_project_repo/_build_ios/CMakeFiles/CMakeTmp/CMAKE_TRY_COMPILE.build/Debug/cmTC_91366.build/Objects-normal/x86_64
write-file /Users/jamesfolk/Documents/NJLI/TESTBED/test_project_repo/_build_ios/CMakeFiles/CMakeTmp/CMAKE_TRY_COMPILE.build/Debug/cmTC_91366.build/Objects-normal/x86_64/cmTC_91366.LinkFileList

CompileC CMAKE_TRY_COMPILE.build/Debug/cmTC_91366.build/Objects-normal/x86_64/CheckFunctionExists.o /usr/local/Cellar/cmake/3.9.4_1/share/cmake/Modules/CheckFunctionExists.c normal x86_64 c com.apple.compilers.llvm.clang.1_0.compiler
    cd /Users/jamesfolk/Documents/NJLI/TESTBED/test_project_repo/_build_ios/CMakeFiles/CMakeTmp
    export LANG=en_US.US-ASCII
    /Applications/Xcode.app/Contents/Developer/Toolchains/XcodeDefault.xctoolchain/usr/bin/clang -x c -arch x86_64 -fmessage-length=0 -fdiagnostics-show-note-include-stack -fmacro-backtrace-limit=0 -Wno-trigraphs -fpascal-strings -O0 -Wno-missing-field-initializers -Wno-missing-prototypes -Wno-return-type -Wno-missing-braces -Wparentheses -Wswitch -Wno-unused-function -Wno-unused-label -Wno-unused-parameter -Wno-unused-variable -Wunused-value -Wno-empty-body -Wno-uninitialized -Wno-unknown-pragmas -Wno-shadow -Wno-four-char-constants -Wno-conversion -Wno-constant-conversion -Wno-int-conversion -Wno-bool-conversion -Wno-enum-conversion -Wno-float-conversion -Wno-non-literal-null-conversion -Wno-objc-literal-conversion -Wno-shorten-64-to-32 -Wpointer-sign -Wno-newline-eof -DCMAKE_INTDIR=\"Debug\" -isysroot /Applications/Xcode.app/Contents/Developer/Platforms/MacOSX.platform/Developer/SDKs/MacOSX10.13.sdk -fasm-blocks -fstrict-aliasing -Wdeprecated-declarations -mmacosx-version-min=10.13 -g -Wno-sign-conversion -Wno-infinite-recursion -Wno-comma -Wno-block-capture-autoreleasing -Wno-strict-prototypes -I/Users/jamesfolk/Documents/NJLI/TESTBED/test_project_repo/_build_ios/CMakeFiles/CMakeTmp/Debug/include -I/Users/jamesfolk/Documents/NJLI/TESTBED/test_project_repo/_build_ios/CMakeFiles/CMakeTmp/CMAKE_TRY_COMPILE.build/Debug/cmTC_91366.build/DerivedSources/x86_64 -I/Users/jamesfolk/Documents/NJLI/TESTBED/test_project_repo/_build_ios/CMakeFiles/CMakeTmp/CMAKE_TRY_COMPILE.build/Debug/cmTC_91366.build/DerivedSources -Wmost -Wno-four-char-constants -Wno-unknown-pragmas -F/Users/jamesfolk/Documents/NJLI/TESTBED/test_project_repo/_build_ios/CMakeFiles/CMakeTmp/Debug -DCHECK_FUNCTION_EXISTS=_strupr -MMD -MT dependencies -MF /Users/jamesfolk/Documents/NJLI/TESTBED/test_project_repo/_build_ios/CMakeFiles/CMakeTmp/CMAKE_TRY_COMPILE.build/Debug/cmTC_91366.build/Objects-normal/x86_64/CheckFunctionExists.d --serialize-diagnostics /Users/jamesfolk/Documents/NJLI/TESTBED/test_project_repo/_build_ios/CMakeFiles/CMakeTmp/CMAKE_TRY_COMPILE.build/Debug/cmTC_91366.build/Objects-normal/x86_64/CheckFunctionExists.dia -c /usr/local/Cellar/cmake/3.9.4_1/share/cmake/Modules/CheckFunctionExists.c -o /Users/jamesfolk/Documents/NJLI/TESTBED/test_project_repo/_build_ios/CMakeFiles/CMakeTmp/CMAKE_TRY_COMPILE.build/Debug/cmTC_91366.build/Objects-normal/x86_64/CheckFunctionExists.o

Ld Debug/cmTC_91366 normal x86_64
    cd /Users/jamesfolk/Documents/NJLI/TESTBED/test_project_repo/_build_ios/CMakeFiles/CMakeTmp
    export MACOSX_DEPLOYMENT_TARGET=10.13
    /Applications/Xcode.app/Contents/Developer/Toolchains/XcodeDefault.xctoolchain/usr/bin/clang -arch x86_64 -isysroot /Applications/Xcode.app/Contents/Developer/Platforms/MacOSX.platform/Developer/SDKs/MacOSX10.13.sdk -L/Users/jamesfolk/Documents/NJLI/TESTBED/test_project_repo/_build_ios/CMakeFiles/CMakeTmp/Debug -F/Users/jamesfolk/Documents/NJLI/TESTBED/test_project_repo/_build_ios/CMakeFiles/CMakeTmp/Debug -filelist /Users/jamesfolk/Documents/NJLI/TESTBED/test_project_repo/_build_ios/CMakeFiles/CMakeTmp/CMAKE_TRY_COMPILE.build/Debug/cmTC_91366.build/Objects-normal/x86_64/cmTC_91366.LinkFileList -mmacosx-version-min=10.13 -Xlinker -object_path_lto -Xlinker /Users/jamesfolk/Documents/NJLI/TESTBED/test_project_repo/_build_ios/CMakeFiles/CMakeTmp/CMAKE_TRY_COMPILE.build/Debug/cmTC_91366.build/Objects-normal/x86_64/cmTC_91366_lto.o -Xlinker -no_deduplicate -Wl,-search_paths_first -Wl,-headerpad_max_install_names -Xlinker -dependency_info -Xlinker /Users/jamesfolk/Documents/NJLI/TESTBED/test_project_repo/_build_ios/CMakeFiles/CMakeTmp/CMAKE_TRY_COMPILE.build/Debug/cmTC_91366.build/Objects-normal/x86_64/cmTC_91366_dependency_info.dat -o /Users/jamesfolk/Documents/NJLI/TESTBED/test_project_repo/_build_ios/CMakeFiles/CMakeTmp/Debug/cmTC_91366
Undefined symbols for architecture x86_64:
  "__strupr", referenced from:
      _main in CheckFunctionExists.o
ld: symbol(s) not found for architecture x86_64
clang: error: linker command failed with exit code 1 (use -v to see invocation)

** BUILD FAILED **


The following build commands failed:
	Ld Debug/cmTC_91366 normal x86_64
(1 failure)


Determining if the function _strlwr exists failed with the following output:
Change Dir: /Users/jamesfolk/Documents/NJLI/TESTBED/test_project_repo/_build_ios/CMakeFiles/CMakeTmp

Run Build Command:"/Applications/Xcode.app/Contents/Developer/usr/bin/xcodebuild" "-project" "CMAKE_TRY_COMPILE.xcodeproj" "build" "-target" "cmTC_3d931" "-configuration" "Debug"
=== BUILD TARGET cmTC_3d931 OF PROJECT CMAKE_TRY_COMPILE WITH CONFIGURATION Debug ===

Check dependencies

Write auxiliary files
/bin/mkdir -p /Users/jamesfolk/Documents/NJLI/TESTBED/test_project_repo/_build_ios/CMakeFiles/CMakeTmp/CMAKE_TRY_COMPILE.build/Debug/cmTC_3d931.build/Objects-normal/x86_64
write-file /Users/jamesfolk/Documents/NJLI/TESTBED/test_project_repo/_build_ios/CMakeFiles/CMakeTmp/CMAKE_TRY_COMPILE.build/Debug/cmTC_3d931.build/Objects-normal/x86_64/cmTC_3d931.LinkFileList

CompileC CMAKE_TRY_COMPILE.build/Debug/cmTC_3d931.build/Objects-normal/x86_64/CheckFunctionExists.o /usr/local/Cellar/cmake/3.9.4_1/share/cmake/Modules/CheckFunctionExists.c normal x86_64 c com.apple.compilers.llvm.clang.1_0.compiler
    cd /Users/jamesfolk/Documents/NJLI/TESTBED/test_project_repo/_build_ios/CMakeFiles/CMakeTmp
    export LANG=en_US.US-ASCII
    /Applications/Xcode.app/Contents/Developer/Toolchains/XcodeDefault.xctoolchain/usr/bin/clang -x c -arch x86_64 -fmessage-length=0 -fdiagnostics-show-note-include-stack -fmacro-backtrace-limit=0 -Wno-trigraphs -fpascal-strings -O0 -Wno-missing-field-initializers -Wno-missing-prototypes -Wno-return-type -Wno-missing-braces -Wparentheses -Wswitch -Wno-unused-function -Wno-unused-label -Wno-unused-parameter -Wno-unused-variable -Wunused-value -Wno-empty-body -Wno-uninitialized -Wno-unknown-pragmas -Wno-shadow -Wno-four-char-constants -Wno-conversion -Wno-constant-conversion -Wno-int-conversion -Wno-bool-conversion -Wno-enum-conversion -Wno-float-conversion -Wno-non-literal-null-conversion -Wno-objc-literal-conversion -Wno-shorten-64-to-32 -Wpointer-sign -Wno-newline-eof -DCMAKE_INTDIR=\"Debug\" -isysroot /Applications/Xcode.app/Contents/Developer/Platforms/MacOSX.platform/Developer/SDKs/MacOSX10.13.sdk -fasm-blocks -fstrict-aliasing -Wdeprecated-declarations -mmacosx-version-min=10.13 -g -Wno-sign-conversion -Wno-infinite-recursion -Wno-comma -Wno-block-capture-autoreleasing -Wno-strict-prototypes -I/Users/jamesfolk/Documents/NJLI/TESTBED/test_project_repo/_build_ios/CMakeFiles/CMakeTmp/Debug/include -I/Users/jamesfolk/Documents/NJLI/TESTBED/test_project_repo/_build_ios/CMakeFiles/CMakeTmp/CMAKE_TRY_COMPILE.build/Debug/cmTC_3d931.build/DerivedSources/x86_64 -I/Users/jamesfolk/Documents/NJLI/TESTBED/test_project_repo/_build_ios/CMakeFiles/CMakeTmp/CMAKE_TRY_COMPILE.build/Debug/cmTC_3d931.build/DerivedSources -Wmost -Wno-four-char-constants -Wno-unknown-pragmas -F/Users/jamesfolk/Documents/NJLI/TESTBED/test_project_repo/_build_ios/CMakeFiles/CMakeTmp/Debug -DCHECK_FUNCTION_EXISTS=_strlwr -MMD -MT dependencies -MF /Users/jamesfolk/Documents/NJLI/TESTBED/test_project_repo/_build_ios/CMakeFiles/CMakeTmp/CMAKE_TRY_COMPILE.build/Debug/cmTC_3d931.build/Objects-normal/x86_64/CheckFunctionExists.d --serialize-diagnostics /Users/jamesfolk/Documents/NJLI/TESTBED/test_project_repo/_build_ios/CMakeFiles/CMakeTmp/CMAKE_TRY_COMPILE.build/Debug/cmTC_3d931.build/Objects-normal/x86_64/CheckFunctionExists.dia -c /usr/local/Cellar/cmake/3.9.4_1/share/cmake/Modules/CheckFunctionExists.c -o /Users/jamesfolk/Documents/NJLI/TESTBED/test_project_repo/_build_ios/CMakeFiles/CMakeTmp/CMAKE_TRY_COMPILE.build/Debug/cmTC_3d931.build/Objects-normal/x86_64/CheckFunctionExists.o

Ld Debug/cmTC_3d931 normal x86_64
    cd /Users/jamesfolk/Documents/NJLI/TESTBED/test_project_repo/_build_ios/CMakeFiles/CMakeTmp
    export MACOSX_DEPLOYMENT_TARGET=10.13
    /Applications/Xcode.app/Contents/Developer/Toolchains/XcodeDefault.xctoolchain/usr/bin/clang -arch x86_64 -isysroot /Applications/Xcode.app/Contents/Developer/Platforms/MacOSX.platform/Developer/SDKs/MacOSX10.13.sdk -L/Users/jamesfolk/Documents/NJLI/TESTBED/test_project_repo/_build_ios/CMakeFiles/CMakeTmp/Debug -F/Users/jamesfolk/Documents/NJLI/TESTBED/test_project_repo/_build_ios/CMakeFiles/CMakeTmp/Debug -filelist /Users/jamesfolk/Documents/NJLI/TESTBED/test_project_repo/_build_ios/CMakeFiles/CMakeTmp/CMAKE_TRY_COMPILE.build/Debug/cmTC_3d931.build/Objects-normal/x86_64/cmTC_3d931.LinkFileList -mmacosx-version-min=10.13 -Xlinker -object_path_lto -Xlinker /Users/jamesfolk/Documents/NJLI/TESTBED/test_project_repo/_build_ios/CMakeFiles/CMakeTmp/CMAKE_TRY_COMPILE.build/Debug/cmTC_3d931.build/Objects-normal/x86_64/cmTC_3d931_lto.o -Xlinker -no_deduplicate -Wl,-search_paths_first -Wl,-headerpad_max_install_names -Xlinker -dependency_info -Xlinker /Users/jamesfolk/Documents/NJLI/TESTBED/test_project_repo/_build_ios/CMakeFiles/CMakeTmp/CMAKE_TRY_COMPILE.build/Debug/cmTC_3d931.build/Objects-normal/x86_64/cmTC_3d931_dependency_info.dat -o /Users/jamesfolk/Documents/NJLI/TESTBED/test_project_repo/_build_ios/CMakeFiles/CMakeTmp/Debug/cmTC_3d931
Undefined symbols for architecture x86_64:
  "__strlwr", referenced from:
      _main in CheckFunctionExists.o
ld: symbol(s) not found for architecture x86_64
clang: error: linker command failed with exit code 1 (use -v to see invocation)

** BUILD FAILED **


The following build commands failed:
	Ld Debug/cmTC_3d931 normal x86_64
(1 failure)


Determining if the function itoa exists failed with the following output:
Change Dir: /Users/jamesfolk/Documents/NJLI/TESTBED/test_project_repo/_build_ios/CMakeFiles/CMakeTmp

Run Build Command:"/Applications/Xcode.app/Contents/Developer/usr/bin/xcodebuild" "-project" "CMAKE_TRY_COMPILE.xcodeproj" "build" "-target" "cmTC_d8743" "-configuration" "Debug"
=== BUILD TARGET cmTC_d8743 OF PROJECT CMAKE_TRY_COMPILE WITH CONFIGURATION Debug ===

Check dependencies

Write auxiliary files
/bin/mkdir -p /Users/jamesfolk/Documents/NJLI/TESTBED/test_project_repo/_build_ios/CMakeFiles/CMakeTmp/CMAKE_TRY_COMPILE.build/Debug/cmTC_d8743.build/Objects-normal/x86_64
write-file /Users/jamesfolk/Documents/NJLI/TESTBED/test_project_repo/_build_ios/CMakeFiles/CMakeTmp/CMAKE_TRY_COMPILE.build/Debug/cmTC_d8743.build/Objects-normal/x86_64/cmTC_d8743.LinkFileList

CompileC CMAKE_TRY_COMPILE.build/Debug/cmTC_d8743.build/Objects-normal/x86_64/CheckFunctionExists.o /usr/local/Cellar/cmake/3.9.4_1/share/cmake/Modules/CheckFunctionExists.c normal x86_64 c com.apple.compilers.llvm.clang.1_0.compiler
    cd /Users/jamesfolk/Documents/NJLI/TESTBED/test_project_repo/_build_ios/CMakeFiles/CMakeTmp
    export LANG=en_US.US-ASCII
    /Applications/Xcode.app/Contents/Developer/Toolchains/XcodeDefault.xctoolchain/usr/bin/clang -x c -arch x86_64 -fmessage-length=0 -fdiagnostics-show-note-include-stack -fmacro-backtrace-limit=0 -Wno-trigraphs -fpascal-strings -O0 -Wno-missing-field-initializers -Wno-missing-prototypes -Wno-return-type -Wno-missing-braces -Wparentheses -Wswitch -Wno-unused-function -Wno-unused-label -Wno-unused-parameter -Wno-unused-variable -Wunused-value -Wno-empty-body -Wno-uninitialized -Wno-unknown-pragmas -Wno-shadow -Wno-four-char-constants -Wno-conversion -Wno-constant-conversion -Wno-int-conversion -Wno-bool-conversion -Wno-enum-conversion -Wno-float-conversion -Wno-non-literal-null-conversion -Wno-objc-literal-conversion -Wno-shorten-64-to-32 -Wpointer-sign -Wno-newline-eof -DCMAKE_INTDIR=\"Debug\" -isysroot /Applications/Xcode.app/Contents/Developer/Platforms/MacOSX.platform/Developer/SDKs/MacOSX10.13.sdk -fasm-blocks -fstrict-aliasing -Wdeprecated-declarations -mmacosx-version-min=10.13 -g -Wno-sign-conversion -Wno-infinite-recursion -Wno-comma -Wno-block-capture-autoreleasing -Wno-strict-prototypes -I/Users/jamesfolk/Documents/NJLI/TESTBED/test_project_repo/_build_ios/CMakeFiles/CMakeTmp/Debug/include -I/Users/jamesfolk/Documents/NJLI/TESTBED/test_project_repo/_build_ios/CMakeFiles/CMakeTmp/CMAKE_TRY_COMPILE.build/Debug/cmTC_d8743.build/DerivedSources/x86_64 -I/Users/jamesfolk/Documents/NJLI/TESTBED/test_project_repo/_build_ios/CMakeFiles/CMakeTmp/CMAKE_TRY_COMPILE.build/Debug/cmTC_d8743.build/DerivedSources -Wmost -Wno-four-char-constants -Wno-unknown-pragmas -F/Users/jamesfolk/Documents/NJLI/TESTBED/test_project_repo/_build_ios/CMakeFiles/CMakeTmp/Debug -DCHECK_FUNCTION_EXISTS=itoa -MMD -MT dependencies -MF /Users/jamesfolk/Documents/NJLI/TESTBED/test_project_repo/_build_ios/CMakeFiles/CMakeTmp/CMAKE_TRY_COMPILE.build/Debug/cmTC_d8743.build/Objects-normal/x86_64/CheckFunctionExists.d --serialize-diagnostics /Users/jamesfolk/Documents/NJLI/TESTBED/test_project_repo/_build_ios/CMakeFiles/CMakeTmp/CMAKE_TRY_COMPILE.build/Debug/cmTC_d8743.build/Objects-normal/x86_64/CheckFunctionExists.dia -c /usr/local/Cellar/cmake/3.9.4_1/share/cmake/Modules/CheckFunctionExists.c -o /Users/jamesfolk/Documents/NJLI/TESTBED/test_project_repo/_build_ios/CMakeFiles/CMakeTmp/CMAKE_TRY_COMPILE.build/Debug/cmTC_d8743.build/Objects-normal/x86_64/CheckFunctionExists.o

Ld Debug/cmTC_d8743 normal x86_64
    cd /Users/jamesfolk/Documents/NJLI/TESTBED/test_project_repo/_build_ios/CMakeFiles/CMakeTmp
    export MACOSX_DEPLOYMENT_TARGET=10.13
    /Applications/Xcode.app/Contents/Developer/Toolchains/XcodeDefault.xctoolchain/usr/bin/clang -arch x86_64 -isysroot /Applications/Xcode.app/Contents/Developer/Platforms/MacOSX.platform/Developer/SDKs/MacOSX10.13.sdk -L/Users/jamesfolk/Documents/NJLI/TESTBED/test_project_repo/_build_ios/CMakeFiles/CMakeTmp/Debug -F/Users/jamesfolk/Documents/NJLI/TESTBED/test_project_repo/_build_ios/CMakeFiles/CMakeTmp/Debug -filelist /Users/jamesfolk/Documents/NJLI/TESTBED/test_project_repo/_build_ios/CMakeFiles/CMakeTmp/CMAKE_TRY_COMPILE.build/Debug/cmTC_d8743.build/Objects-normal/x86_64/cmTC_d8743.LinkFileList -mmacosx-version-min=10.13 -Xlinker -object_path_lto -Xlinker /Users/jamesfolk/Documents/NJLI/TESTBED/test_project_repo/_build_ios/CMakeFiles/CMakeTmp/CMAKE_TRY_COMPILE.build/Debug/cmTC_d8743.build/Objects-normal/x86_64/cmTC_d8743_lto.o -Xlinker -no_deduplicate -Wl,-search_paths_first -Wl,-headerpad_max_install_names -Xlinker -dependency_info -Xlinker /Users/jamesfolk/Documents/NJLI/TESTBED/test_project_repo/_build_ios/CMakeFiles/CMakeTmp/CMAKE_TRY_COMPILE.build/Debug/cmTC_d8743.build/Objects-normal/x86_64/cmTC_d8743_dependency_info.dat -o /Users/jamesfolk/Documents/NJLI/TESTBED/test_project_repo/_build_ios/CMakeFiles/CMakeTmp/Debug/cmTC_d8743
Undefined symbols for architecture x86_64:
  "_itoa", referenced from:
      _main in CheckFunctionExists.o
ld: symbol(s) not found for architecture x86_64
clang: error: linker command failed with exit code 1 (use -v to see invocation)

** BUILD FAILED **


The following build commands failed:
	Ld Debug/cmTC_d8743 normal x86_64
(1 failure)


Determining if the function _ltoa exists failed with the following output:
Change Dir: /Users/jamesfolk/Documents/NJLI/TESTBED/test_project_repo/_build_ios/CMakeFiles/CMakeTmp

Run Build Command:"/Applications/Xcode.app/Contents/Developer/usr/bin/xcodebuild" "-project" "CMAKE_TRY_COMPILE.xcodeproj" "build" "-target" "cmTC_4a791" "-configuration" "Debug"
=== BUILD TARGET cmTC_4a791 OF PROJECT CMAKE_TRY_COMPILE WITH CONFIGURATION Debug ===

Check dependencies

Write auxiliary files
/bin/mkdir -p /Users/jamesfolk/Documents/NJLI/TESTBED/test_project_repo/_build_ios/CMakeFiles/CMakeTmp/CMAKE_TRY_COMPILE.build/Debug/cmTC_4a791.build/Objects-normal/x86_64
write-file /Users/jamesfolk/Documents/NJLI/TESTBED/test_project_repo/_build_ios/CMakeFiles/CMakeTmp/CMAKE_TRY_COMPILE.build/Debug/cmTC_4a791.build/Objects-normal/x86_64/cmTC_4a791.LinkFileList

CompileC CMAKE_TRY_COMPILE.build/Debug/cmTC_4a791.build/Objects-normal/x86_64/CheckFunctionExists.o /usr/local/Cellar/cmake/3.9.4_1/share/cmake/Modules/CheckFunctionExists.c normal x86_64 c com.apple.compilers.llvm.clang.1_0.compiler
    cd /Users/jamesfolk/Documents/NJLI/TESTBED/test_project_repo/_build_ios/CMakeFiles/CMakeTmp
    export LANG=en_US.US-ASCII
    /Applications/Xcode.app/Contents/Developer/Toolchains/XcodeDefault.xctoolchain/usr/bin/clang -x c -arch x86_64 -fmessage-length=0 -fdiagnostics-show-note-include-stack -fmacro-backtrace-limit=0 -Wno-trigraphs -fpascal-strings -O0 -Wno-missing-field-initializers -Wno-missing-prototypes -Wno-return-type -Wno-missing-braces -Wparentheses -Wswitch -Wno-unused-function -Wno-unused-label -Wno-unused-parameter -Wno-unused-variable -Wunused-value -Wno-empty-body -Wno-uninitialized -Wno-unknown-pragmas -Wno-shadow -Wno-four-char-constants -Wno-conversion -Wno-constant-conversion -Wno-int-conversion -Wno-bool-conversion -Wno-enum-conversion -Wno-float-conversion -Wno-non-literal-null-conversion -Wno-objc-literal-conversion -Wno-shorten-64-to-32 -Wpointer-sign -Wno-newline-eof -DCMAKE_INTDIR=\"Debug\" -isysroot /Applications/Xcode.app/Contents/Developer/Platforms/MacOSX.platform/Developer/SDKs/MacOSX10.13.sdk -fasm-blocks -fstrict-aliasing -Wdeprecated-declarations -mmacosx-version-min=10.13 -g -Wno-sign-conversion -Wno-infinite-recursion -Wno-comma -Wno-block-capture-autoreleasing -Wno-strict-prototypes -I/Users/jamesfolk/Documents/NJLI/TESTBED/test_project_repo/_build_ios/CMakeFiles/CMakeTmp/Debug/include -I/Users/jamesfolk/Documents/NJLI/TESTBED/test_project_repo/_build_ios/CMakeFiles/CMakeTmp/CMAKE_TRY_COMPILE.build/Debug/cmTC_4a791.build/DerivedSources/x86_64 -I/Users/jamesfolk/Documents/NJLI/TESTBED/test_project_repo/_build_ios/CMakeFiles/CMakeTmp/CMAKE_TRY_COMPILE.build/Debug/cmTC_4a791.build/DerivedSources -Wmost -Wno-four-char-constants -Wno-unknown-pragmas -F/Users/jamesfolk/Documents/NJLI/TESTBED/test_project_repo/_build_ios/CMakeFiles/CMakeTmp/Debug -DCHECK_FUNCTION_EXISTS=_ltoa -MMD -MT dependencies -MF /Users/jamesfolk/Documents/NJLI/TESTBED/test_project_repo/_build_ios/CMakeFiles/CMakeTmp/CMAKE_TRY_COMPILE.build/Debug/cmTC_4a791.build/Objects-normal/x86_64/CheckFunctionExists.d --serialize-diagnostics /Users/jamesfolk/Documents/NJLI/TESTBED/test_project_repo/_build_ios/CMakeFiles/CMakeTmp/CMAKE_TRY_COMPILE.build/Debug/cmTC_4a791.build/Objects-normal/x86_64/CheckFunctionExists.dia -c /usr/local/Cellar/cmake/3.9.4_1/share/cmake/Modules/CheckFunctionExists.c -o /Users/jamesfolk/Documents/NJLI/TESTBED/test_project_repo/_build_ios/CMakeFiles/CMakeTmp/CMAKE_TRY_COMPILE.build/Debug/cmTC_4a791.build/Objects-normal/x86_64/CheckFunctionExists.o

Ld Debug/cmTC_4a791 normal x86_64
    cd /Users/jamesfolk/Documents/NJLI/TESTBED/test_project_repo/_build_ios/CMakeFiles/CMakeTmp
    export MACOSX_DEPLOYMENT_TARGET=10.13
    /Applications/Xcode.app/Contents/Developer/Toolchains/XcodeDefault.xctoolchain/usr/bin/clang -arch x86_64 -isysroot /Applications/Xcode.app/Contents/Developer/Platforms/MacOSX.platform/Developer/SDKs/MacOSX10.13.sdk -L/Users/jamesfolk/Documents/NJLI/TESTBED/test_project_repo/_build_ios/CMakeFiles/CMakeTmp/Debug -F/Users/jamesfolk/Documents/NJLI/TESTBED/test_project_repo/_build_ios/CMakeFiles/CMakeTmp/Debug -filelist /Users/jamesfolk/Documents/NJLI/TESTBED/test_project_repo/_build_ios/CMakeFiles/CMakeTmp/CMAKE_TRY_COMPILE.build/Debug/cmTC_4a791.build/Objects-normal/x86_64/cmTC_4a791.LinkFileList -mmacosx-version-min=10.13 -Xlinker -object_path_lto -Xlinker /Users/jamesfolk/Documents/NJLI/TESTBED/test_project_repo/_build_ios/CMakeFiles/CMakeTmp/CMAKE_TRY_COMPILE.build/Debug/cmTC_4a791.build/Objects-normal/x86_64/cmTC_4a791_lto.o -Xlinker -no_deduplicate -Wl,-search_paths_first -Wl,-headerpad_max_install_names -Xlinker -dependency_info -Xlinker /Users/jamesfolk/Documents/NJLI/TESTBED/test_project_repo/_build_ios/CMakeFiles/CMakeTmp/CMAKE_TRY_COMPILE.build/Debug/cmTC_4a791.build/Objects-normal/x86_64/cmTC_4a791_dependency_info.dat -o /Users/jamesfolk/Documents/NJLI/TESTBED/test_project_repo/_build_ios/CMakeFiles/CMakeTmp/Debug/cmTC_4a791
Undefined symbols for architecture x86_64:
  "__ltoa", referenced from:
      _main in CheckFunctionExists.o
ld: symbol(s) not found for architecture x86_64
clang: error: linker command failed with exit code 1 (use -v to see invocation)

** BUILD FAILED **


The following build commands failed:
	Ld Debug/cmTC_4a791 normal x86_64
(1 failure)


Determining if the function _uitoa exists failed with the following output:
Change Dir: /Users/jamesfolk/Documents/NJLI/TESTBED/test_project_repo/_build_ios/CMakeFiles/CMakeTmp

Run Build Command:"/Applications/Xcode.app/Contents/Developer/usr/bin/xcodebuild" "-project" "CMAKE_TRY_COMPILE.xcodeproj" "build" "-target" "cmTC_c91be" "-configuration" "Debug"
=== BUILD TARGET cmTC_c91be OF PROJECT CMAKE_TRY_COMPILE WITH CONFIGURATION Debug ===

Check dependencies

Write auxiliary files
/bin/mkdir -p /Users/jamesfolk/Documents/NJLI/TESTBED/test_project_repo/_build_ios/CMakeFiles/CMakeTmp/CMAKE_TRY_COMPILE.build/Debug/cmTC_c91be.build/Objects-normal/x86_64
write-file /Users/jamesfolk/Documents/NJLI/TESTBED/test_project_repo/_build_ios/CMakeFiles/CMakeTmp/CMAKE_TRY_COMPILE.build/Debug/cmTC_c91be.build/Objects-normal/x86_64/cmTC_c91be.LinkFileList

CompileC CMAKE_TRY_COMPILE.build/Debug/cmTC_c91be.build/Objects-normal/x86_64/CheckFunctionExists.o /usr/local/Cellar/cmake/3.9.4_1/share/cmake/Modules/CheckFunctionExists.c normal x86_64 c com.apple.compilers.llvm.clang.1_0.compiler
    cd /Users/jamesfolk/Documents/NJLI/TESTBED/test_project_repo/_build_ios/CMakeFiles/CMakeTmp
    export LANG=en_US.US-ASCII
    /Applications/Xcode.app/Contents/Developer/Toolchains/XcodeDefault.xctoolchain/usr/bin/clang -x c -arch x86_64 -fmessage-length=0 -fdiagnostics-show-note-include-stack -fmacro-backtrace-limit=0 -Wno-trigraphs -fpascal-strings -O0 -Wno-missing-field-initializers -Wno-missing-prototypes -Wno-return-type -Wno-missing-braces -Wparentheses -Wswitch -Wno-unused-function -Wno-unused-label -Wno-unused-parameter -Wno-unused-variable -Wunused-value -Wno-empty-body -Wno-uninitialized -Wno-unknown-pragmas -Wno-shadow -Wno-four-char-constants -Wno-conversion -Wno-constant-conversion -Wno-int-conversion -Wno-bool-conversion -Wno-enum-conversion -Wno-float-conversion -Wno-non-literal-null-conversion -Wno-objc-literal-conversion -Wno-shorten-64-to-32 -Wpointer-sign -Wno-newline-eof -DCMAKE_INTDIR=\"Debug\" -isysroot /Applications/Xcode.app/Contents/Developer/Platforms/MacOSX.platform/Developer/SDKs/MacOSX10.13.sdk -fasm-blocks -fstrict-aliasing -Wdeprecated-declarations -mmacosx-version-min=10.13 -g -Wno-sign-conversion -Wno-infinite-recursion -Wno-comma -Wno-block-capture-autoreleasing -Wno-strict-prototypes -I/Users/jamesfolk/Documents/NJLI/TESTBED/test_project_repo/_build_ios/CMakeFiles/CMakeTmp/Debug/include -I/Users/jamesfolk/Documents/NJLI/TESTBED/test_project_repo/_build_ios/CMakeFiles/CMakeTmp/CMAKE_TRY_COMPILE.build/Debug/cmTC_c91be.build/DerivedSources/x86_64 -I/Users/jamesfolk/Documents/NJLI/TESTBED/test_project_repo/_build_ios/CMakeFiles/CMakeTmp/CMAKE_TRY_COMPILE.build/Debug/cmTC_c91be.build/DerivedSources -Wmost -Wno-four-char-constants -Wno-unknown-pragmas -F/Users/jamesfolk/Documents/NJLI/TESTBED/test_project_repo/_build_ios/CMakeFiles/CMakeTmp/Debug -DCHECK_FUNCTION_EXISTS=_uitoa -MMD -MT dependencies -MF /Users/jamesfolk/Documents/NJLI/TESTBED/test_project_repo/_build_ios/CMakeFiles/CMakeTmp/CMAKE_TRY_COMPILE.build/Debug/cmTC_c91be.build/Objects-normal/x86_64/CheckFunctionExists.d --serialize-diagnostics /Users/jamesfolk/Documents/NJLI/TESTBED/test_project_repo/_build_ios/CMakeFiles/CMakeTmp/CMAKE_TRY_COMPILE.build/Debug/cmTC_c91be.build/Objects-normal/x86_64/CheckFunctionExists.dia -c /usr/local/Cellar/cmake/3.9.4_1/share/cmake/Modules/CheckFunctionExists.c -o /Users/jamesfolk/Documents/NJLI/TESTBED/test_project_repo/_build_ios/CMakeFiles/CMakeTmp/CMAKE_TRY_COMPILE.build/Debug/cmTC_c91be.build/Objects-normal/x86_64/CheckFunctionExists.o

Ld Debug/cmTC_c91be normal x86_64
    cd /Users/jamesfolk/Documents/NJLI/TESTBED/test_project_repo/_build_ios/CMakeFiles/CMakeTmp
    export MACOSX_DEPLOYMENT_TARGET=10.13
    /Applications/Xcode.app/Contents/Developer/Toolchains/XcodeDefault.xctoolchain/usr/bin/clang -arch x86_64 -isysroot /Applications/Xcode.app/Contents/Developer/Platforms/MacOSX.platform/Developer/SDKs/MacOSX10.13.sdk -L/Users/jamesfolk/Documents/NJLI/TESTBED/test_project_repo/_build_ios/CMakeFiles/CMakeTmp/Debug -F/Users/jamesfolk/Documents/NJLI/TESTBED/test_project_repo/_build_ios/CMakeFiles/CMakeTmp/Debug -filelist /Users/jamesfolk/Documents/NJLI/TESTBED/test_project_repo/_build_ios/CMakeFiles/CMakeTmp/CMAKE_TRY_COMPILE.build/Debug/cmTC_c91be.build/Objects-normal/x86_64/cmTC_c91be.LinkFileList -mmacosx-version-min=10.13 -Xlinker -object_path_lto -Xlinker /Users/jamesfolk/Documents/NJLI/TESTBED/test_project_repo/_build_ios/CMakeFiles/CMakeTmp/CMAKE_TRY_COMPILE.build/Debug/cmTC_c91be.build/Objects-normal/x86_64/cmTC_c91be_lto.o -Xlinker -no_deduplicate -Wl,-search_paths_first -Wl,-headerpad_max_install_names -Xlinker -dependency_info -Xlinker /Users/jamesfolk/Documents/NJLI/TESTBED/test_project_repo/_build_ios/CMakeFiles/CMakeTmp/CMAKE_TRY_COMPILE.build/Debug/cmTC_c91be.build/Objects-normal/x86_64/cmTC_c91be_dependency_info.dat -o /Users/jamesfolk/Documents/NJLI/TESTBED/test_project_repo/_build_ios/CMakeFiles/CMakeTmp/Debug/cmTC_c91be
Undefined symbols for architecture x86_64:
  "__uitoa", referenced from:
      _main in CheckFunctionExists.o
ld: symbol(s) not found for architecture x86_64
clang: error: linker command failed with exit code 1 (use -v to see invocation)

** BUILD FAILED **


The following build commands failed:
	Ld Debug/cmTC_c91be normal x86_64
(1 failure)


Determining if the function _ultoa exists failed with the following output:
Change Dir: /Users/jamesfolk/Documents/NJLI/TESTBED/test_project_repo/_build_ios/CMakeFiles/CMakeTmp

Run Build Command:"/Applications/Xcode.app/Contents/Developer/usr/bin/xcodebuild" "-project" "CMAKE_TRY_COMPILE.xcodeproj" "build" "-target" "cmTC_925e4" "-configuration" "Debug"
=== BUILD TARGET cmTC_925e4 OF PROJECT CMAKE_TRY_COMPILE WITH CONFIGURATION Debug ===

Check dependencies

Write auxiliary files
/bin/mkdir -p /Users/jamesfolk/Documents/NJLI/TESTBED/test_project_repo/_build_ios/CMakeFiles/CMakeTmp/CMAKE_TRY_COMPILE.build/Debug/cmTC_925e4.build/Objects-normal/x86_64
write-file /Users/jamesfolk/Documents/NJLI/TESTBED/test_project_repo/_build_ios/CMakeFiles/CMakeTmp/CMAKE_TRY_COMPILE.build/Debug/cmTC_925e4.build/Objects-normal/x86_64/cmTC_925e4.LinkFileList

CompileC CMAKE_TRY_COMPILE.build/Debug/cmTC_925e4.build/Objects-normal/x86_64/CheckFunctionExists.o /usr/local/Cellar/cmake/3.9.4_1/share/cmake/Modules/CheckFunctionExists.c normal x86_64 c com.apple.compilers.llvm.clang.1_0.compiler
    cd /Users/jamesfolk/Documents/NJLI/TESTBED/test_project_repo/_build_ios/CMakeFiles/CMakeTmp
    export LANG=en_US.US-ASCII
    /Applications/Xcode.app/Contents/Developer/Toolchains/XcodeDefault.xctoolchain/usr/bin/clang -x c -arch x86_64 -fmessage-length=0 -fdiagnostics-show-note-include-stack -fmacro-backtrace-limit=0 -Wno-trigraphs -fpascal-strings -O0 -Wno-missing-field-initializers -Wno-missing-prototypes -Wno-return-type -Wno-missing-braces -Wparentheses -Wswitch -Wno-unused-function -Wno-unused-label -Wno-unused-parameter -Wno-unused-variable -Wunused-value -Wno-empty-body -Wno-uninitialized -Wno-unknown-pragmas -Wno-shadow -Wno-four-char-constants -Wno-conversion -Wno-constant-conversion -Wno-int-conversion -Wno-bool-conversion -Wno-enum-conversion -Wno-float-conversion -Wno-non-literal-null-conversion -Wno-objc-literal-conversion -Wno-shorten-64-to-32 -Wpointer-sign -Wno-newline-eof -DCMAKE_INTDIR=\"Debug\" -isysroot /Applications/Xcode.app/Contents/Developer/Platforms/MacOSX.platform/Developer/SDKs/MacOSX10.13.sdk -fasm-blocks -fstrict-aliasing -Wdeprecated-declarations -mmacosx-version-min=10.13 -g -Wno-sign-conversion -Wno-infinite-recursion -Wno-comma -Wno-block-capture-autoreleasing -Wno-strict-prototypes -I/Users/jamesfolk/Documents/NJLI/TESTBED/test_project_repo/_build_ios/CMakeFiles/CMakeTmp/Debug/include -I/Users/jamesfolk/Documents/NJLI/TESTBED/test_project_repo/_build_ios/CMakeFiles/CMakeTmp/CMAKE_TRY_COMPILE.build/Debug/cmTC_925e4.build/DerivedSources/x86_64 -I/Users/jamesfolk/Documents/NJLI/TESTBED/test_project_repo/_build_ios/CMakeFiles/CMakeTmp/CMAKE_TRY_COMPILE.build/Debug/cmTC_925e4.build/DerivedSources -Wmost -Wno-four-char-constants -Wno-unknown-pragmas -F/Users/jamesfolk/Documents/NJLI/TESTBED/test_project_repo/_build_ios/CMakeFiles/CMakeTmp/Debug -DCHECK_FUNCTION_EXISTS=_ultoa -MMD -MT dependencies -MF /Users/jamesfolk/Documents/NJLI/TESTBED/test_project_repo/_build_ios/CMakeFiles/CMakeTmp/CMAKE_TRY_COMPILE.build/Debug/cmTC_925e4.build/Objects-normal/x86_64/CheckFunctionExists.d --serialize-diagnostics /Users/jamesfolk/Documents/NJLI/TESTBED/test_project_repo/_build_ios/CMakeFiles/CMakeTmp/CMAKE_TRY_COMPILE.build/Debug/cmTC_925e4.build/Objects-normal/x86_64/CheckFunctionExists.dia -c /usr/local/Cellar/cmake/3.9.4_1/share/cmake/Modules/CheckFunctionExists.c -o /Users/jamesfolk/Documents/NJLI/TESTBED/test_project_repo/_build_ios/CMakeFiles/CMakeTmp/CMAKE_TRY_COMPILE.build/Debug/cmTC_925e4.build/Objects-normal/x86_64/CheckFunctionExists.o

Ld Debug/cmTC_925e4 normal x86_64
    cd /Users/jamesfolk/Documents/NJLI/TESTBED/test_project_repo/_build_ios/CMakeFiles/CMakeTmp
    export MACOSX_DEPLOYMENT_TARGET=10.13
    /Applications/Xcode.app/Contents/Developer/Toolchains/XcodeDefault.xctoolchain/usr/bin/clang -arch x86_64 -isysroot /Applications/Xcode.app/Contents/Developer/Platforms/MacOSX.platform/Developer/SDKs/MacOSX10.13.sdk -L/Users/jamesfolk/Documents/NJLI/TESTBED/test_project_repo/_build_ios/CMakeFiles/CMakeTmp/Debug -F/Users/jamesfolk/Documents/NJLI/TESTBED/test_project_repo/_build_ios/CMakeFiles/CMakeTmp/Debug -filelist /Users/jamesfolk/Documents/NJLI/TESTBED/test_project_repo/_build_ios/CMakeFiles/CMakeTmp/CMAKE_TRY_COMPILE.build/Debug/cmTC_925e4.build/Objects-normal/x86_64/cmTC_925e4.LinkFileList -mmacosx-version-min=10.13 -Xlinker -object_path_lto -Xlinker /Users/jamesfolk/Documents/NJLI/TESTBED/test_project_repo/_build_ios/CMakeFiles/CMakeTmp/CMAKE_TRY_COMPILE.build/Debug/cmTC_925e4.build/Objects-normal/x86_64/cmTC_925e4_lto.o -Xlinker -no_deduplicate -Wl,-search_paths_first -Wl,-headerpad_max_install_names -Xlinker -dependency_info -Xlinker /Users/jamesfolk/Documents/NJLI/TESTBED/test_project_repo/_build_ios/CMakeFiles/CMakeTmp/CMAKE_TRY_COMPILE.build/Debug/cmTC_925e4.build/Objects-normal/x86_64/cmTC_925e4_dependency_info.dat -o /Users/jamesfolk/Documents/NJLI/TESTBED/test_project_repo/_build_ios/CMakeFiles/CMakeTmp/Debug/cmTC_925e4
Undefined symbols for architecture x86_64:
  "__ultoa", referenced from:
      _main in CheckFunctionExists.o
ld: symbol(s) not found for architecture x86_64
clang: error: linker command failed with exit code 1 (use -v to see invocation)

** BUILD FAILED **


The following build commands failed:
	Ld Debug/cmTC_925e4 normal x86_64
(1 failure)


Determining if the function _i64toa exists failed with the following output:
Change Dir: /Users/jamesfolk/Documents/NJLI/TESTBED/test_project_repo/_build_ios/CMakeFiles/CMakeTmp

Run Build Command:"/Applications/Xcode.app/Contents/Developer/usr/bin/xcodebuild" "-project" "CMAKE_TRY_COMPILE.xcodeproj" "build" "-target" "cmTC_7698d" "-configuration" "Debug"
=== BUILD TARGET cmTC_7698d OF PROJECT CMAKE_TRY_COMPILE WITH CONFIGURATION Debug ===

Check dependencies

Write auxiliary files
/bin/mkdir -p /Users/jamesfolk/Documents/NJLI/TESTBED/test_project_repo/_build_ios/CMakeFiles/CMakeTmp/CMAKE_TRY_COMPILE.build/Debug/cmTC_7698d.build/Objects-normal/x86_64
write-file /Users/jamesfolk/Documents/NJLI/TESTBED/test_project_repo/_build_ios/CMakeFiles/CMakeTmp/CMAKE_TRY_COMPILE.build/Debug/cmTC_7698d.build/Objects-normal/x86_64/cmTC_7698d.LinkFileList

CompileC CMAKE_TRY_COMPILE.build/Debug/cmTC_7698d.build/Objects-normal/x86_64/CheckFunctionExists.o /usr/local/Cellar/cmake/3.9.4_1/share/cmake/Modules/CheckFunctionExists.c normal x86_64 c com.apple.compilers.llvm.clang.1_0.compiler
    cd /Users/jamesfolk/Documents/NJLI/TESTBED/test_project_repo/_build_ios/CMakeFiles/CMakeTmp
    export LANG=en_US.US-ASCII
    /Applications/Xcode.app/Contents/Developer/Toolchains/XcodeDefault.xctoolchain/usr/bin/clang -x c -arch x86_64 -fmessage-length=0 -fdiagnostics-show-note-include-stack -fmacro-backtrace-limit=0 -Wno-trigraphs -fpascal-strings -O0 -Wno-missing-field-initializers -Wno-missing-prototypes -Wno-return-type -Wno-missing-braces -Wparentheses -Wswitch -Wno-unused-function -Wno-unused-label -Wno-unused-parameter -Wno-unused-variable -Wunused-value -Wno-empty-body -Wno-uninitialized -Wno-unknown-pragmas -Wno-shadow -Wno-four-char-constants -Wno-conversion -Wno-constant-conversion -Wno-int-conversion -Wno-bool-conversion -Wno-enum-conversion -Wno-float-conversion -Wno-non-literal-null-conversion -Wno-objc-literal-conversion -Wno-shorten-64-to-32 -Wpointer-sign -Wno-newline-eof -DCMAKE_INTDIR=\"Debug\" -isysroot /Applications/Xcode.app/Contents/Developer/Platforms/MacOSX.platform/Developer/SDKs/MacOSX10.13.sdk -fasm-blocks -fstrict-aliasing -Wdeprecated-declarations -mmacosx-version-min=10.13 -g -Wno-sign-conversion -Wno-infinite-recursion -Wno-comma -Wno-block-capture-autoreleasing -Wno-strict-prototypes -I/Users/jamesfolk/Documents/NJLI/TESTBED/test_project_repo/_build_ios/CMakeFiles/CMakeTmp/Debug/include -I/Users/jamesfolk/Documents/NJLI/TESTBED/test_project_repo/_build_ios/CMakeFiles/CMakeTmp/CMAKE_TRY_COMPILE.build/Debug/cmTC_7698d.build/DerivedSources/x86_64 -I/Users/jamesfolk/Documents/NJLI/TESTBED/test_project_repo/_build_ios/CMakeFiles/CMakeTmp/CMAKE_TRY_COMPILE.build/Debug/cmTC_7698d.build/DerivedSources -Wmost -Wno-four-char-constants -Wno-unknown-pragmas -F/Users/jamesfolk/Documents/NJLI/TESTBED/test_project_repo/_build_ios/CMakeFiles/CMakeTmp/Debug -DCHECK_FUNCTION_EXISTS=_i64toa -MMD -MT dependencies -MF /Users/jamesfolk/Documents/NJLI/TESTBED/test_project_repo/_build_ios/CMakeFiles/CMakeTmp/CMAKE_TRY_COMPILE.build/Debug/cmTC_7698d.build/Objects-normal/x86_64/CheckFunctionExists.d --serialize-diagnostics /Users/jamesfolk/Documents/NJLI/TESTBED/test_project_repo/_build_ios/CMakeFiles/CMakeTmp/CMAKE_TRY_COMPILE.build/Debug/cmTC_7698d.build/Objects-normal/x86_64/CheckFunctionExists.dia -c /usr/local/Cellar/cmake/3.9.4_1/share/cmake/Modules/CheckFunctionExists.c -o /Users/jamesfolk/Documents/NJLI/TESTBED/test_project_repo/_build_ios/CMakeFiles/CMakeTmp/CMAKE_TRY_COMPILE.build/Debug/cmTC_7698d.build/Objects-normal/x86_64/CheckFunctionExists.o

Ld Debug/cmTC_7698d normal x86_64
    cd /Users/jamesfolk/Documents/NJLI/TESTBED/test_project_repo/_build_ios/CMakeFiles/CMakeTmp
    export MACOSX_DEPLOYMENT_TARGET=10.13
    /Applications/Xcode.app/Contents/Developer/Toolchains/XcodeDefault.xctoolchain/usr/bin/clang -arch x86_64 -isysroot /Applications/Xcode.app/Contents/Developer/Platforms/MacOSX.platform/Developer/SDKs/MacOSX10.13.sdk -L/Users/jamesfolk/Documents/NJLI/TESTBED/test_project_repo/_build_ios/CMakeFiles/CMakeTmp/Debug -F/Users/jamesfolk/Documents/NJLI/TESTBED/test_project_repo/_build_ios/CMakeFiles/CMakeTmp/Debug -filelist /Users/jamesfolk/Documents/NJLI/TESTBED/test_project_repo/_build_ios/CMakeFiles/CMakeTmp/CMAKE_TRY_COMPILE.build/Debug/cmTC_7698d.build/Objects-normal/x86_64/cmTC_7698d.LinkFileList -mmacosx-version-min=10.13 -Xlinker -object_path_lto -Xlinker /Users/jamesfolk/Documents/NJLI/TESTBED/test_project_repo/_build_ios/CMakeFiles/CMakeTmp/CMAKE_TRY_COMPILE.build/Debug/cmTC_7698d.build/Objects-normal/x86_64/cmTC_7698d_lto.o -Xlinker -no_deduplicate -Wl,-search_paths_first -Wl,-headerpad_max_install_names -Xlinker -dependency_info -Xlinker /Users/jamesfolk/Documents/NJLI/TESTBED/test_project_repo/_build_ios/CMakeFiles/CMakeTmp/CMAKE_TRY_COMPILE.build/Debug/cmTC_7698d.build/Objects-normal/x86_64/cmTC_7698d_dependency_info.dat -o /Users/jamesfolk/Documents/NJLI/TESTBED/test_project_repo/_build_ios/CMakeFiles/CMakeTmp/Debug/cmTC_7698d
Undefined symbols for architecture x86_64:
  "__i64toa", referenced from:
      _main in CheckFunctionExists.o
ld: symbol(s) not found for architecture x86_64
clang: error: linker command failed with exit code 1 (use -v to see invocation)

** BUILD FAILED **


The following build commands failed:
	Ld Debug/cmTC_7698d normal x86_64
(1 failure)


Determining if the function _ui64toa exists failed with the following output:
Change Dir: /Users/jamesfolk/Documents/NJLI/TESTBED/test_project_repo/_build_ios/CMakeFiles/CMakeTmp

Run Build Command:"/Applications/Xcode.app/Contents/Developer/usr/bin/xcodebuild" "-project" "CMAKE_TRY_COMPILE.xcodeproj" "build" "-target" "cmTC_34a88" "-configuration" "Debug"
=== BUILD TARGET cmTC_34a88 OF PROJECT CMAKE_TRY_COMPILE WITH CONFIGURATION Debug ===

Check dependencies

Write auxiliary files
/bin/mkdir -p /Users/jamesfolk/Documents/NJLI/TESTBED/test_project_repo/_build_ios/CMakeFiles/CMakeTmp/CMAKE_TRY_COMPILE.build/Debug/cmTC_34a88.build/Objects-normal/x86_64
write-file /Users/jamesfolk/Documents/NJLI/TESTBED/test_project_repo/_build_ios/CMakeFiles/CMakeTmp/CMAKE_TRY_COMPILE.build/Debug/cmTC_34a88.build/Objects-normal/x86_64/cmTC_34a88.LinkFileList

CompileC CMAKE_TRY_COMPILE.build/Debug/cmTC_34a88.build/Objects-normal/x86_64/CheckFunctionExists.o /usr/local/Cellar/cmake/3.9.4_1/share/cmake/Modules/CheckFunctionExists.c normal x86_64 c com.apple.compilers.llvm.clang.1_0.compiler
    cd /Users/jamesfolk/Documents/NJLI/TESTBED/test_project_repo/_build_ios/CMakeFiles/CMakeTmp
    export LANG=en_US.US-ASCII
    /Applications/Xcode.app/Contents/Developer/Toolchains/XcodeDefault.xctoolchain/usr/bin/clang -x c -arch x86_64 -fmessage-length=0 -fdiagnostics-show-note-include-stack -fmacro-backtrace-limit=0 -Wno-trigraphs -fpascal-strings -O0 -Wno-missing-field-initializers -Wno-missing-prototypes -Wno-return-type -Wno-missing-braces -Wparentheses -Wswitch -Wno-unused-function -Wno-unused-label -Wno-unused-parameter -Wno-unused-variable -Wunused-value -Wno-empty-body -Wno-uninitialized -Wno-unknown-pragmas -Wno-shadow -Wno-four-char-constants -Wno-conversion -Wno-constant-conversion -Wno-int-conversion -Wno-bool-conversion -Wno-enum-conversion -Wno-float-conversion -Wno-non-literal-null-conversion -Wno-objc-literal-conversion -Wno-shorten-64-to-32 -Wpointer-sign -Wno-newline-eof -DCMAKE_INTDIR=\"Debug\" -isysroot /Applications/Xcode.app/Contents/Developer/Platforms/MacOSX.platform/Developer/SDKs/MacOSX10.13.sdk -fasm-blocks -fstrict-aliasing -Wdeprecated-declarations -mmacosx-version-min=10.13 -g -Wno-sign-conversion -Wno-infinite-recursion -Wno-comma -Wno-block-capture-autoreleasing -Wno-strict-prototypes -I/Users/jamesfolk/Documents/NJLI/TESTBED/test_project_repo/_build_ios/CMakeFiles/CMakeTmp/Debug/include -I/Users/jamesfolk/Documents/NJLI/TESTBED/test_project_repo/_build_ios/CMakeFiles/CMakeTmp/CMAKE_TRY_COMPILE.build/Debug/cmTC_34a88.build/DerivedSources/x86_64 -I/Users/jamesfolk/Documents/NJLI/TESTBED/test_project_repo/_build_ios/CMakeFiles/CMakeTmp/CMAKE_TRY_COMPILE.build/Debug/cmTC_34a88.build/DerivedSources -Wmost -Wno-four-char-constants -Wno-unknown-pragmas -F/Users/jamesfolk/Documents/NJLI/TESTBED/test_project_repo/_build_ios/CMakeFiles/CMakeTmp/Debug -DCHECK_FUNCTION_EXISTS=_ui64toa -MMD -MT dependencies -MF /Users/jamesfolk/Documents/NJLI/TESTBED/test_project_repo/_build_ios/CMakeFiles/CMakeTmp/CMAKE_TRY_COMPILE.build/Debug/cmTC_34a88.build/Objects-normal/x86_64/CheckFunctionExists.d --serialize-diagnostics /Users/jamesfolk/Documents/NJLI/TESTBED/test_project_repo/_build_ios/CMakeFiles/CMakeTmp/CMAKE_TRY_COMPILE.build/Debug/cmTC_34a88.build/Objects-normal/x86_64/CheckFunctionExists.dia -c /usr/local/Cellar/cmake/3.9.4_1/share/cmake/Modules/CheckFunctionExists.c -o /Users/jamesfolk/Documents/NJLI/TESTBED/test_project_repo/_build_ios/CMakeFiles/CMakeTmp/CMAKE_TRY_COMPILE.build/Debug/cmTC_34a88.build/Objects-normal/x86_64/CheckFunctionExists.o

Ld Debug/cmTC_34a88 normal x86_64
    cd /Users/jamesfolk/Documents/NJLI/TESTBED/test_project_repo/_build_ios/CMakeFiles/CMakeTmp
    export MACOSX_DEPLOYMENT_TARGET=10.13
    /Applications/Xcode.app/Contents/Developer/Toolchains/XcodeDefault.xctoolchain/usr/bin/clang -arch x86_64 -isysroot /Applications/Xcode.app/Contents/Developer/Platforms/MacOSX.platform/Developer/SDKs/MacOSX10.13.sdk -L/Users/jamesfolk/Documents/NJLI/TESTBED/test_project_repo/_build_ios/CMakeFiles/CMakeTmp/Debug -F/Users/jamesfolk/Documents/NJLI/TESTBED/test_project_repo/_build_ios/CMakeFiles/CMakeTmp/Debug -filelist /Users/jamesfolk/Documents/NJLI/TESTBED/test_project_repo/_build_ios/CMakeFiles/CMakeTmp/CMAKE_TRY_COMPILE.build/Debug/cmTC_34a88.build/Objects-normal/x86_64/cmTC_34a88.LinkFileList -mmacosx-version-min=10.13 -Xlinker -object_path_lto -Xlinker /Users/jamesfolk/Documents/NJLI/TESTBED/test_project_repo/_build_ios/CMakeFiles/CMakeTmp/CMAKE_TRY_COMPILE.build/Debug/cmTC_34a88.build/Objects-normal/x86_64/cmTC_34a88_lto.o -Xlinker -no_deduplicate -Wl,-search_paths_first -Wl,-headerpad_max_install_names -Xlinker -dependency_info -Xlinker /Users/jamesfolk/Documents/NJLI/TESTBED/test_project_repo/_build_ios/CMakeFiles/CMakeTmp/CMAKE_TRY_COMPILE.build/Debug/cmTC_34a88.build/Objects-normal/x86_64/cmTC_34a88_dependency_info.dat -o /Users/jamesfolk/Documents/NJLI/TESTBED/test_project_repo/_build_ios/CMakeFiles/CMakeTmp/Debug/cmTC_34a88
Undefined symbols for architecture x86_64:
  "__ui64toa", referenced from:
      _main in CheckFunctionExists.o
ld: symbol(s) not found for architecture x86_64
clang: error: linker command failed with exit code 1 (use -v to see invocation)

** BUILD FAILED **


The following build commands failed:
	Ld Debug/cmTC_34a88 normal x86_64
(1 failure)


Determining if the function _stricmp exists failed with the following output:
Change Dir: /Users/jamesfolk/Documents/NJLI/TESTBED/test_project_repo/_build_ios/CMakeFiles/CMakeTmp

Run Build Command:"/Applications/Xcode.app/Contents/Developer/usr/bin/xcodebuild" "-project" "CMAKE_TRY_COMPILE.xcodeproj" "build" "-target" "cmTC_76e25" "-configuration" "Debug"
=== BUILD TARGET cmTC_76e25 OF PROJECT CMAKE_TRY_COMPILE WITH CONFIGURATION Debug ===

Check dependencies

Write auxiliary files
/bin/mkdir -p /Users/jamesfolk/Documents/NJLI/TESTBED/test_project_repo/_build_ios/CMakeFiles/CMakeTmp/CMAKE_TRY_COMPILE.build/Debug/cmTC_76e25.build/Objects-normal/x86_64
write-file /Users/jamesfolk/Documents/NJLI/TESTBED/test_project_repo/_build_ios/CMakeFiles/CMakeTmp/CMAKE_TRY_COMPILE.build/Debug/cmTC_76e25.build/Objects-normal/x86_64/cmTC_76e25.LinkFileList

CompileC CMAKE_TRY_COMPILE.build/Debug/cmTC_76e25.build/Objects-normal/x86_64/CheckFunctionExists.o /usr/local/Cellar/cmake/3.9.4_1/share/cmake/Modules/CheckFunctionExists.c normal x86_64 c com.apple.compilers.llvm.clang.1_0.compiler
    cd /Users/jamesfolk/Documents/NJLI/TESTBED/test_project_repo/_build_ios/CMakeFiles/CMakeTmp
    export LANG=en_US.US-ASCII
    /Applications/Xcode.app/Contents/Developer/Toolchains/XcodeDefault.xctoolchain/usr/bin/clang -x c -arch x86_64 -fmessage-length=0 -fdiagnostics-show-note-include-stack -fmacro-backtrace-limit=0 -Wno-trigraphs -fpascal-strings -O0 -Wno-missing-field-initializers -Wno-missing-prototypes -Wno-return-type -Wno-missing-braces -Wparentheses -Wswitch -Wno-unused-function -Wno-unused-label -Wno-unused-parameter -Wno-unused-variable -Wunused-value -Wno-empty-body -Wno-uninitialized -Wno-unknown-pragmas -Wno-shadow -Wno-four-char-constants -Wno-conversion -Wno-constant-conversion -Wno-int-conversion -Wno-bool-conversion -Wno-enum-conversion -Wno-float-conversion -Wno-non-literal-null-conversion -Wno-objc-literal-conversion -Wno-shorten-64-to-32 -Wpointer-sign -Wno-newline-eof -DCMAKE_INTDIR=\"Debug\" -isysroot /Applications/Xcode.app/Contents/Developer/Platforms/MacOSX.platform/Developer/SDKs/MacOSX10.13.sdk -fasm-blocks -fstrict-aliasing -Wdeprecated-declarations -mmacosx-version-min=10.13 -g -Wno-sign-conversion -Wno-infinite-recursion -Wno-comma -Wno-block-capture-autoreleasing -Wno-strict-prototypes -I/Users/jamesfolk/Documents/NJLI/TESTBED/test_project_repo/_build_ios/CMakeFiles/CMakeTmp/Debug/include -I/Users/jamesfolk/Documents/NJLI/TESTBED/test_project_repo/_build_ios/CMakeFiles/CMakeTmp/CMAKE_TRY_COMPILE.build/Debug/cmTC_76e25.build/DerivedSources/x86_64 -I/Users/jamesfolk/Documents/NJLI/TESTBED/test_project_repo/_build_ios/CMakeFiles/CMakeTmp/CMAKE_TRY_COMPILE.build/Debug/cmTC_76e25.build/DerivedSources -Wmost -Wno-four-char-constants -Wno-unknown-pragmas -F/Users/jamesfolk/Documents/NJLI/TESTBED/test_project_repo/_build_ios/CMakeFiles/CMakeTmp/Debug -DCHECK_FUNCTION_EXISTS=_stricmp -MMD -MT dependencies -MF /Users/jamesfolk/Documents/NJLI/TESTBED/test_project_repo/_build_ios/CMakeFiles/CMakeTmp/CMAKE_TRY_COMPILE.build/Debug/cmTC_76e25.build/Objects-normal/x86_64/CheckFunctionExists.d --serialize-diagnostics /Users/jamesfolk/Documents/NJLI/TESTBED/test_project_repo/_build_ios/CMakeFiles/CMakeTmp/CMAKE_TRY_COMPILE.build/Debug/cmTC_76e25.build/Objects-normal/x86_64/CheckFunctionExists.dia -c /usr/local/Cellar/cmake/3.9.4_1/share/cmake/Modules/CheckFunctionExists.c -o /Users/jamesfolk/Documents/NJLI/TESTBED/test_project_repo/_build_ios/CMakeFiles/CMakeTmp/CMAKE_TRY_COMPILE.build/Debug/cmTC_76e25.build/Objects-normal/x86_64/CheckFunctionExists.o

Ld Debug/cmTC_76e25 normal x86_64
    cd /Users/jamesfolk/Documents/NJLI/TESTBED/test_project_repo/_build_ios/CMakeFiles/CMakeTmp
    export MACOSX_DEPLOYMENT_TARGET=10.13
    /Applications/Xcode.app/Contents/Developer/Toolchains/XcodeDefault.xctoolchain/usr/bin/clang -arch x86_64 -isysroot /Applications/Xcode.app/Contents/Developer/Platforms/MacOSX.platform/Developer/SDKs/MacOSX10.13.sdk -L/Users/jamesfolk/Documents/NJLI/TESTBED/test_project_repo/_build_ios/CMakeFiles/CMakeTmp/Debug -F/Users/jamesfolk/Documents/NJLI/TESTBED/test_project_repo/_build_ios/CMakeFiles/CMakeTmp/Debug -filelist /Users/jamesfolk/Documents/NJLI/TESTBED/test_project_repo/_build_ios/CMakeFiles/CMakeTmp/CMAKE_TRY_COMPILE.build/Debug/cmTC_76e25.build/Objects-normal/x86_64/cmTC_76e25.LinkFileList -mmacosx-version-min=10.13 -Xlinker -object_path_lto -Xlinker /Users/jamesfolk/Documents/NJLI/TESTBED/test_project_repo/_build_ios/CMakeFiles/CMakeTmp/CMAKE_TRY_COMPILE.build/Debug/cmTC_76e25.build/Objects-normal/x86_64/cmTC_76e25_lto.o -Xlinker -no_deduplicate -Wl,-search_paths_first -Wl,-headerpad_max_install_names -Xlinker -dependency_info -Xlinker /Users/jamesfolk/Documents/NJLI/TESTBED/test_project_repo/_build_ios/CMakeFiles/CMakeTmp/CMAKE_TRY_COMPILE.build/Debug/cmTC_76e25.build/Objects-normal/x86_64/cmTC_76e25_dependency_info.dat -o /Users/jamesfolk/Documents/NJLI/TESTBED/test_project_repo/_build_ios/CMakeFiles/CMakeTmp/Debug/cmTC_76e25
Undefined symbols for architecture x86_64:
  "__stricmp", referenced from:
      _main in CheckFunctionExists.o
ld: symbol(s) not found for architecture x86_64
clang: error: linker command failed with exit code 1 (use -v to see invocation)

** BUILD FAILED **


The following build commands failed:
	Ld Debug/cmTC_76e25 normal x86_64
(1 failure)


Determining if the function _strnicmp exists failed with the following output:
Change Dir: /Users/jamesfolk/Documents/NJLI/TESTBED/test_project_repo/_build_ios/CMakeFiles/CMakeTmp

Run Build Command:"/Applications/Xcode.app/Contents/Developer/usr/bin/xcodebuild" "-project" "CMAKE_TRY_COMPILE.xcodeproj" "build" "-target" "cmTC_82bc6" "-configuration" "Debug"
=== BUILD TARGET cmTC_82bc6 OF PROJECT CMAKE_TRY_COMPILE WITH CONFIGURATION Debug ===

Check dependencies

Write auxiliary files
/bin/mkdir -p /Users/jamesfolk/Documents/NJLI/TESTBED/test_project_repo/_build_ios/CMakeFiles/CMakeTmp/CMAKE_TRY_COMPILE.build/Debug/cmTC_82bc6.build/Objects-normal/x86_64
write-file /Users/jamesfolk/Documents/NJLI/TESTBED/test_project_repo/_build_ios/CMakeFiles/CMakeTmp/CMAKE_TRY_COMPILE.build/Debug/cmTC_82bc6.build/Objects-normal/x86_64/cmTC_82bc6.LinkFileList

CompileC CMAKE_TRY_COMPILE.build/Debug/cmTC_82bc6.build/Objects-normal/x86_64/CheckFunctionExists.o /usr/local/Cellar/cmake/3.9.4_1/share/cmake/Modules/CheckFunctionExists.c normal x86_64 c com.apple.compilers.llvm.clang.1_0.compiler
    cd /Users/jamesfolk/Documents/NJLI/TESTBED/test_project_repo/_build_ios/CMakeFiles/CMakeTmp
    export LANG=en_US.US-ASCII
    /Applications/Xcode.app/Contents/Developer/Toolchains/XcodeDefault.xctoolchain/usr/bin/clang -x c -arch x86_64 -fmessage-length=0 -fdiagnostics-show-note-include-stack -fmacro-backtrace-limit=0 -Wno-trigraphs -fpascal-strings -O0 -Wno-missing-field-initializers -Wno-missing-prototypes -Wno-return-type -Wno-missing-braces -Wparentheses -Wswitch -Wno-unused-function -Wno-unused-label -Wno-unused-parameter -Wno-unused-variable -Wunused-value -Wno-empty-body -Wno-uninitialized -Wno-unknown-pragmas -Wno-shadow -Wno-four-char-constants -Wno-conversion -Wno-constant-conversion -Wno-int-conversion -Wno-bool-conversion -Wno-enum-conversion -Wno-float-conversion -Wno-non-literal-null-conversion -Wno-objc-literal-conversion -Wno-shorten-64-to-32 -Wpointer-sign -Wno-newline-eof -DCMAKE_INTDIR=\"Debug\" -isysroot /Applications/Xcode.app/Contents/Developer/Platforms/MacOSX.platform/Developer/SDKs/MacOSX10.13.sdk -fasm-blocks -fstrict-aliasing -Wdeprecated-declarations -mmacosx-version-min=10.13 -g -Wno-sign-conversion -Wno-infinite-recursion -Wno-comma -Wno-block-capture-autoreleasing -Wno-strict-prototypes -I/Users/jamesfolk/Documents/NJLI/TESTBED/test_project_repo/_build_ios/CMakeFiles/CMakeTmp/Debug/include -I/Users/jamesfolk/Documents/NJLI/TESTBED/test_project_repo/_build_ios/CMakeFiles/CMakeTmp/CMAKE_TRY_COMPILE.build/Debug/cmTC_82bc6.build/DerivedSources/x86_64 -I/Users/jamesfolk/Documents/NJLI/TESTBED/test_project_repo/_build_ios/CMakeFiles/CMakeTmp/CMAKE_TRY_COMPILE.build/Debug/cmTC_82bc6.build/DerivedSources -Wmost -Wno-four-char-constants -Wno-unknown-pragmas -F/Users/jamesfolk/Documents/NJLI/TESTBED/test_project_repo/_build_ios/CMakeFiles/CMakeTmp/Debug -DCHECK_FUNCTION_EXISTS=_strnicmp -MMD -MT dependencies -MF /Users/jamesfolk/Documents/NJLI/TESTBED/test_project_repo/_build_ios/CMakeFiles/CMakeTmp/CMAKE_TRY_COMPILE.build/Debug/cmTC_82bc6.build/Objects-normal/x86_64/CheckFunctionExists.d --serialize-diagnostics /Users/jamesfolk/Documents/NJLI/TESTBED/test_project_repo/_build_ios/CMakeFiles/CMakeTmp/CMAKE_TRY_COMPILE.build/Debug/cmTC_82bc6.build/Objects-normal/x86_64/CheckFunctionExists.dia -c /usr/local/Cellar/cmake/3.9.4_1/share/cmake/Modules/CheckFunctionExists.c -o /Users/jamesfolk/Documents/NJLI/TESTBED/test_project_repo/_build_ios/CMakeFiles/CMakeTmp/CMAKE_TRY_COMPILE.build/Debug/cmTC_82bc6.build/Objects-normal/x86_64/CheckFunctionExists.o

Ld Debug/cmTC_82bc6 normal x86_64
    cd /Users/jamesfolk/Documents/NJLI/TESTBED/test_project_repo/_build_ios/CMakeFiles/CMakeTmp
    export MACOSX_DEPLOYMENT_TARGET=10.13
    /Applications/Xcode.app/Contents/Developer/Toolchains/XcodeDefault.xctoolchain/usr/bin/clang -arch x86_64 -isysroot /Applications/Xcode.app/Contents/Developer/Platforms/MacOSX.platform/Developer/SDKs/MacOSX10.13.sdk -L/Users/jamesfolk/Documents/NJLI/TESTBED/test_project_repo/_build_ios/CMakeFiles/CMakeTmp/Debug -F/Users/jamesfolk/Documents/NJLI/TESTBED/test_project_repo/_build_ios/CMakeFiles/CMakeTmp/Debug -filelist /Users/jamesfolk/Documents/NJLI/TESTBED/test_project_repo/_build_ios/CMakeFiles/CMakeTmp/CMAKE_TRY_COMPILE.build/Debug/cmTC_82bc6.build/Objects-normal/x86_64/cmTC_82bc6.LinkFileList -mmacosx-version-min=10.13 -Xlinker -object_path_lto -Xlinker /Users/jamesfolk/Documents/NJLI/TESTBED/test_project_repo/_build_ios/CMakeFiles/CMakeTmp/CMAKE_TRY_COMPILE.build/Debug/cmTC_82bc6.build/Objects-normal/x86_64/cmTC_82bc6_lto.o -Xlinker -no_deduplicate -Wl,-search_paths_first -Wl,-headerpad_max_install_names -Xlinker -dependency_info -Xlinker /Users/jamesfolk/Documents/NJLI/TESTBED/test_project_repo/_build_ios/CMakeFiles/CMakeTmp/CMAKE_TRY_COMPILE.build/Debug/cmTC_82bc6.build/Objects-normal/x86_64/cmTC_82bc6_dependency_info.dat -o /Users/jamesfolk/Documents/NJLI/TESTBED/test_project_repo/_build_ios/CMakeFiles/CMakeTmp/Debug/cmTC_82bc6
Undefined symbols for architecture x86_64:
  "__strnicmp", referenced from:
      _main in CheckFunctionExists.o
ld: symbol(s) not found for architecture x86_64
clang: error: linker command failed with exit code 1 (use -v to see invocation)

** BUILD FAILED **


The following build commands failed:
	Ld Debug/cmTC_82bc6 normal x86_64
(1 failure)


Determining if the function fopen64 exists failed with the following output:
Change Dir: /Users/jamesfolk/Documents/NJLI/TESTBED/test_project_repo/_build_ios/CMakeFiles/CMakeTmp

Run Build Command:"/Applications/Xcode.app/Contents/Developer/usr/bin/xcodebuild" "-project" "CMAKE_TRY_COMPILE.xcodeproj" "build" "-target" "cmTC_64738" "-configuration" "Debug"
=== BUILD TARGET cmTC_64738 OF PROJECT CMAKE_TRY_COMPILE WITH CONFIGURATION Debug ===

Check dependencies

Write auxiliary files
/bin/mkdir -p /Users/jamesfolk/Documents/NJLI/TESTBED/test_project_repo/_build_ios/CMakeFiles/CMakeTmp/CMAKE_TRY_COMPILE.build/Debug/cmTC_64738.build/Objects-normal/x86_64
write-file /Users/jamesfolk/Documents/NJLI/TESTBED/test_project_repo/_build_ios/CMakeFiles/CMakeTmp/CMAKE_TRY_COMPILE.build/Debug/cmTC_64738.build/Objects-normal/x86_64/cmTC_64738.LinkFileList

CompileC CMAKE_TRY_COMPILE.build/Debug/cmTC_64738.build/Objects-normal/x86_64/CheckFunctionExists.o /usr/local/Cellar/cmake/3.9.4_1/share/cmake/Modules/CheckFunctionExists.c normal x86_64 c com.apple.compilers.llvm.clang.1_0.compiler
    cd /Users/jamesfolk/Documents/NJLI/TESTBED/test_project_repo/_build_ios/CMakeFiles/CMakeTmp
    export LANG=en_US.US-ASCII
    /Applications/Xcode.app/Contents/Developer/Toolchains/XcodeDefault.xctoolchain/usr/bin/clang -x c -arch x86_64 -fmessage-length=0 -fdiagnostics-show-note-include-stack -fmacro-backtrace-limit=0 -Wno-trigraphs -fpascal-strings -O0 -Wno-missing-field-initializers -Wno-missing-prototypes -Wno-return-type -Wno-missing-braces -Wparentheses -Wswitch -Wno-unused-function -Wno-unused-label -Wno-unused-parameter -Wno-unused-variable -Wunused-value -Wno-empty-body -Wno-uninitialized -Wno-unknown-pragmas -Wno-shadow -Wno-four-char-constants -Wno-conversion -Wno-constant-conversion -Wno-int-conversion -Wno-bool-conversion -Wno-enum-conversion -Wno-float-conversion -Wno-non-literal-null-conversion -Wno-objc-literal-conversion -Wno-shorten-64-to-32 -Wpointer-sign -Wno-newline-eof -DCMAKE_INTDIR=\"Debug\" -isysroot /Applications/Xcode.app/Contents/Developer/Platforms/MacOSX.platform/Developer/SDKs/MacOSX10.13.sdk -fasm-blocks -fstrict-aliasing -Wdeprecated-declarations -mmacosx-version-min=10.13 -g -Wno-sign-conversion -Wno-infinite-recursion -Wno-comma -Wno-block-capture-autoreleasing -Wno-strict-prototypes -I/Users/jamesfolk/Documents/NJLI/TESTBED/test_project_repo/_build_ios/CMakeFiles/CMakeTmp/Debug/include -I/Users/jamesfolk/Documents/NJLI/TESTBED/test_project_repo/_build_ios/CMakeFiles/CMakeTmp/CMAKE_TRY_COMPILE.build/Debug/cmTC_64738.build/DerivedSources/x86_64 -I/Users/jamesfolk/Documents/NJLI/TESTBED/test_project_repo/_build_ios/CMakeFiles/CMakeTmp/CMAKE_TRY_COMPILE.build/Debug/cmTC_64738.build/DerivedSources -Wmost -Wno-four-char-constants -Wno-unknown-pragmas -F/Users/jamesfolk/Documents/NJLI/TESTBED/test_project_repo/_build_ios/CMakeFiles/CMakeTmp/Debug -DCHECK_FUNCTION_EXISTS=fopen64 -MMD -MT dependencies -MF /Users/jamesfolk/Documents/NJLI/TESTBED/test_project_repo/_build_ios/CMakeFiles/CMakeTmp/CMAKE_TRY_COMPILE.build/Debug/cmTC_64738.build/Objects-normal/x86_64/CheckFunctionExists.d --serialize-diagnostics /Users/jamesfolk/Documents/NJLI/TESTBED/test_project_repo/_build_ios/CMakeFiles/CMakeTmp/CMAKE_TRY_COMPILE.build/Debug/cmTC_64738.build/Objects-normal/x86_64/CheckFunctionExists.dia -c /usr/local/Cellar/cmake/3.9.4_1/share/cmake/Modules/CheckFunctionExists.c -o /Users/jamesfolk/Documents/NJLI/TESTBED/test_project_repo/_build_ios/CMakeFiles/CMakeTmp/CMAKE_TRY_COMPILE.build/Debug/cmTC_64738.build/Objects-normal/x86_64/CheckFunctionExists.o

Ld Debug/cmTC_64738 normal x86_64
    cd /Users/jamesfolk/Documents/NJLI/TESTBED/test_project_repo/_build_ios/CMakeFiles/CMakeTmp
    export MACOSX_DEPLOYMENT_TARGET=10.13
    /Applications/Xcode.app/Contents/Developer/Toolchains/XcodeDefault.xctoolchain/usr/bin/clang -arch x86_64 -isysroot /Applications/Xcode.app/Contents/Developer/Platforms/MacOSX.platform/Developer/SDKs/MacOSX10.13.sdk -L/Users/jamesfolk/Documents/NJLI/TESTBED/test_project_repo/_build_ios/CMakeFiles/CMakeTmp/Debug -F/Users/jamesfolk/Documents/NJLI/TESTBED/test_project_repo/_build_ios/CMakeFiles/CMakeTmp/Debug -filelist /Users/jamesfolk/Documents/NJLI/TESTBED/test_project_repo/_build_ios/CMakeFiles/CMakeTmp/CMAKE_TRY_COMPILE.build/Debug/cmTC_64738.build/Objects-normal/x86_64/cmTC_64738.LinkFileList -mmacosx-version-min=10.13 -Xlinker -object_path_lto -Xlinker /Users/jamesfolk/Documents/NJLI/TESTBED/test_project_repo/_build_ios/CMakeFiles/CMakeTmp/CMAKE_TRY_COMPILE.build/Debug/cmTC_64738.build/Objects-normal/x86_64/cmTC_64738_lto.o -Xlinker -no_deduplicate -Wl,-search_paths_first -Wl,-headerpad_max_install_names -Xlinker -dependency_info -Xlinker /Users/jamesfolk/Documents/NJLI/TESTBED/test_project_repo/_build_ios/CMakeFiles/CMakeTmp/CMAKE_TRY_COMPILE.build/Debug/cmTC_64738.build/Objects-normal/x86_64/cmTC_64738_dependency_info.dat -o /Users/jamesfolk/Documents/NJLI/TESTBED/test_project_repo/_build_ios/CMakeFiles/CMakeTmp/Debug/cmTC_64738
Undefined symbols for architecture x86_64:
  "_fopen64", referenced from:
      _main in CheckFunctionExists.o
ld: symbol(s) not found for architecture x86_64
clang: error: linker command failed with exit code 1 (use -v to see invocation)

** BUILD FAILED **


The following build commands failed:
	Ld Debug/cmTC_64738 normal x86_64
(1 failure)


Determining if the function fseeko64 exists failed with the following output:
Change Dir: /Users/jamesfolk/Documents/NJLI/TESTBED/test_project_repo/_build_ios/CMakeFiles/CMakeTmp

Run Build Command:"/Applications/Xcode.app/Contents/Developer/usr/bin/xcodebuild" "-project" "CMAKE_TRY_COMPILE.xcodeproj" "build" "-target" "cmTC_e81d8" "-configuration" "Debug"
=== BUILD TARGET cmTC_e81d8 OF PROJECT CMAKE_TRY_COMPILE WITH CONFIGURATION Debug ===

Check dependencies

Write auxiliary files
/bin/mkdir -p /Users/jamesfolk/Documents/NJLI/TESTBED/test_project_repo/_build_ios/CMakeFiles/CMakeTmp/CMAKE_TRY_COMPILE.build/Debug/cmTC_e81d8.build/Objects-normal/x86_64
write-file /Users/jamesfolk/Documents/NJLI/TESTBED/test_project_repo/_build_ios/CMakeFiles/CMakeTmp/CMAKE_TRY_COMPILE.build/Debug/cmTC_e81d8.build/Objects-normal/x86_64/cmTC_e81d8.LinkFileList

CompileC CMAKE_TRY_COMPILE.build/Debug/cmTC_e81d8.build/Objects-normal/x86_64/CheckFunctionExists.o /usr/local/Cellar/cmake/3.9.4_1/share/cmake/Modules/CheckFunctionExists.c normal x86_64 c com.apple.compilers.llvm.clang.1_0.compiler
    cd /Users/jamesfolk/Documents/NJLI/TESTBED/test_project_repo/_build_ios/CMakeFiles/CMakeTmp
    export LANG=en_US.US-ASCII
    /Applications/Xcode.app/Contents/Developer/Toolchains/XcodeDefault.xctoolchain/usr/bin/clang -x c -arch x86_64 -fmessage-length=0 -fdiagnostics-show-note-include-stack -fmacro-backtrace-limit=0 -Wno-trigraphs -fpascal-strings -O0 -Wno-missing-field-initializers -Wno-missing-prototypes -Wno-return-type -Wno-missing-braces -Wparentheses -Wswitch -Wno-unused-function -Wno-unused-label -Wno-unused-parameter -Wno-unused-variable -Wunused-value -Wno-empty-body -Wno-uninitialized -Wno-unknown-pragmas -Wno-shadow -Wno-four-char-constants -Wno-conversion -Wno-constant-conversion -Wno-int-conversion -Wno-bool-conversion -Wno-enum-conversion -Wno-float-conversion -Wno-non-literal-null-conversion -Wno-objc-literal-conversion -Wno-shorten-64-to-32 -Wpointer-sign -Wno-newline-eof -DCMAKE_INTDIR=\"Debug\" -isysroot /Applications/Xcode.app/Contents/Developer/Platforms/MacOSX.platform/Developer/SDKs/MacOSX10.13.sdk -fasm-blocks -fstrict-aliasing -Wdeprecated-declarations -mmacosx-version-min=10.13 -g -Wno-sign-conversion -Wno-infinite-recursion -Wno-comma -Wno-block-capture-autoreleasing -Wno-strict-prototypes -I/Users/jamesfolk/Documents/NJLI/TESTBED/test_project_repo/_build_ios/CMakeFiles/CMakeTmp/Debug/include -I/Users/jamesfolk/Documents/NJLI/TESTBED/test_project_repo/_build_ios/CMakeFiles/CMakeTmp/CMAKE_TRY_COMPILE.build/Debug/cmTC_e81d8.build/DerivedSources/x86_64 -I/Users/jamesfolk/Documents/NJLI/TESTBED/test_project_repo/_build_ios/CMakeFiles/CMakeTmp/CMAKE_TRY_COMPILE.build/Debug/cmTC_e81d8.build/DerivedSources -Wmost -Wno-four-char-constants -Wno-unknown-pragmas -F/Users/jamesfolk/Documents/NJLI/TESTBED/test_project_repo/_build_ios/CMakeFiles/CMakeTmp/Debug -DCHECK_FUNCTION_EXISTS=fseeko64 -MMD -MT dependencies -MF /Users/jamesfolk/Documents/NJLI/TESTBED/test_project_repo/_build_ios/CMakeFiles/CMakeTmp/CMAKE_TRY_COMPILE.build/Debug/cmTC_e81d8.build/Objects-normal/x86_64/CheckFunctionExists.d --serialize-diagnostics /Users/jamesfolk/Documents/NJLI/TESTBED/test_project_repo/_build_ios/CMakeFiles/CMakeTmp/CMAKE_TRY_COMPILE.build/Debug/cmTC_e81d8.build/Objects-normal/x86_64/CheckFunctionExists.dia -c /usr/local/Cellar/cmake/3.9.4_1/share/cmake/Modules/CheckFunctionExists.c -o /Users/jamesfolk/Documents/NJLI/TESTBED/test_project_repo/_build_ios/CMakeFiles/CMakeTmp/CMAKE_TRY_COMPILE.build/Debug/cmTC_e81d8.build/Objects-normal/x86_64/CheckFunctionExists.o

Ld Debug/cmTC_e81d8 normal x86_64
    cd /Users/jamesfolk/Documents/NJLI/TESTBED/test_project_repo/_build_ios/CMakeFiles/CMakeTmp
    export MACOSX_DEPLOYMENT_TARGET=10.13
    /Applications/Xcode.app/Contents/Developer/Toolchains/XcodeDefault.xctoolchain/usr/bin/clang -arch x86_64 -isysroot /Applications/Xcode.app/Contents/Developer/Platforms/MacOSX.platform/Developer/SDKs/MacOSX10.13.sdk -L/Users/jamesfolk/Documents/NJLI/TESTBED/test_project_repo/_build_ios/CMakeFiles/CMakeTmp/Debug -F/Users/jamesfolk/Documents/NJLI/TESTBED/test_project_repo/_build_ios/CMakeFiles/CMakeTmp/Debug -filelist /Users/jamesfolk/Documents/NJLI/TESTBED/test_project_repo/_build_ios/CMakeFiles/CMakeTmp/CMAKE_TRY_COMPILE.build/Debug/cmTC_e81d8.build/Objects-normal/x86_64/cmTC_e81d8.LinkFileList -mmacosx-version-min=10.13 -Xlinker -object_path_lto -Xlinker /Users/jamesfolk/Documents/NJLI/TESTBED/test_project_repo/_build_ios/CMakeFiles/CMakeTmp/CMAKE_TRY_COMPILE.build/Debug/cmTC_e81d8.build/Objects-normal/x86_64/cmTC_e81d8_lto.o -Xlinker -no_deduplicate -Wl,-search_paths_first -Wl,-headerpad_max_install_names -Xlinker -dependency_info -Xlinker /Users/jamesfolk/Documents/NJLI/TESTBED/test_project_repo/_build_ios/CMakeFiles/CMakeTmp/CMAKE_TRY_COMPILE.build/Debug/cmTC_e81d8.build/Objects-normal/x86_64/cmTC_e81d8_dependency_info.dat -o /Users/jamesfolk/Documents/NJLI/TESTBED/test_project_repo/_build_ios/CMakeFiles/CMakeTmp/Debug/cmTC_e81d8
Undefined symbols for architecture x86_64:
  "_fseeko64", referenced from:
      _main in CheckFunctionExists.o
ld: symbol(s) not found for architecture x86_64
clang: error: linker command failed with exit code 1 (use -v to see invocation)

** BUILD FAILED **


The following build commands failed:
	Ld Debug/cmTC_e81d8 normal x86_64
(1 failure)


Determining if the function getauxval exists failed with the following output:
Change Dir: /Users/jamesfolk/Documents/NJLI/TESTBED/test_project_repo/_build_ios/CMakeFiles/CMakeTmp

Run Build Command:"/Applications/Xcode.app/Contents/Developer/usr/bin/xcodebuild" "-project" "CMAKE_TRY_COMPILE.xcodeproj" "build" "-target" "cmTC_cb3a7" "-configuration" "Debug"
=== BUILD TARGET cmTC_cb3a7 OF PROJECT CMAKE_TRY_COMPILE WITH CONFIGURATION Debug ===

Check dependencies

Write auxiliary files
/bin/mkdir -p /Users/jamesfolk/Documents/NJLI/TESTBED/test_project_repo/_build_ios/CMakeFiles/CMakeTmp/CMAKE_TRY_COMPILE.build/Debug/cmTC_cb3a7.build/Objects-normal/x86_64
write-file /Users/jamesfolk/Documents/NJLI/TESTBED/test_project_repo/_build_ios/CMakeFiles/CMakeTmp/CMAKE_TRY_COMPILE.build/Debug/cmTC_cb3a7.build/Objects-normal/x86_64/cmTC_cb3a7.LinkFileList

CompileC CMAKE_TRY_COMPILE.build/Debug/cmTC_cb3a7.build/Objects-normal/x86_64/CheckFunctionExists.o /usr/local/Cellar/cmake/3.9.4_1/share/cmake/Modules/CheckFunctionExists.c normal x86_64 c com.apple.compilers.llvm.clang.1_0.compiler
    cd /Users/jamesfolk/Documents/NJLI/TESTBED/test_project_repo/_build_ios/CMakeFiles/CMakeTmp
    export LANG=en_US.US-ASCII
    /Applications/Xcode.app/Contents/Developer/Toolchains/XcodeDefault.xctoolchain/usr/bin/clang -x c -arch x86_64 -fmessage-length=0 -fdiagnostics-show-note-include-stack -fmacro-backtrace-limit=0 -Wno-trigraphs -fpascal-strings -O0 -Wno-missing-field-initializers -Wno-missing-prototypes -Wno-return-type -Wno-missing-braces -Wparentheses -Wswitch -Wno-unused-function -Wno-unused-label -Wno-unused-parameter -Wno-unused-variable -Wunused-value -Wno-empty-body -Wno-uninitialized -Wno-unknown-pragmas -Wno-shadow -Wno-four-char-constants -Wno-conversion -Wno-constant-conversion -Wno-int-conversion -Wno-bool-conversion -Wno-enum-conversion -Wno-float-conversion -Wno-non-literal-null-conversion -Wno-objc-literal-conversion -Wno-shorten-64-to-32 -Wpointer-sign -Wno-newline-eof -DCMAKE_INTDIR=\"Debug\" -isysroot /Applications/Xcode.app/Contents/Developer/Platforms/MacOSX.platform/Developer/SDKs/MacOSX10.13.sdk -fasm-blocks -fstrict-aliasing -Wdeprecated-declarations -mmacosx-version-min=10.13 -g -Wno-sign-conversion -Wno-infinite-recursion -Wno-comma -Wno-block-capture-autoreleasing -Wno-strict-prototypes -I/Users/jamesfolk/Documents/NJLI/TESTBED/test_project_repo/_build_ios/CMakeFiles/CMakeTmp/Debug/include -I/Users/jamesfolk/Documents/NJLI/TESTBED/test_project_repo/_build_ios/CMakeFiles/CMakeTmp/CMAKE_TRY_COMPILE.build/Debug/cmTC_cb3a7.build/DerivedSources/x86_64 -I/Users/jamesfolk/Documents/NJLI/TESTBED/test_project_repo/_build_ios/CMakeFiles/CMakeTmp/CMAKE_TRY_COMPILE.build/Debug/cmTC_cb3a7.build/DerivedSources -Wmost -Wno-four-char-constants -Wno-unknown-pragmas -F/Users/jamesfolk/Documents/NJLI/TESTBED/test_project_repo/_build_ios/CMakeFiles/CMakeTmp/Debug -DCHECK_FUNCTION_EXISTS=getauxval -MMD -MT dependencies -MF /Users/jamesfolk/Documents/NJLI/TESTBED/test_project_repo/_build_ios/CMakeFiles/CMakeTmp/CMAKE_TRY_COMPILE.build/Debug/cmTC_cb3a7.build/Objects-normal/x86_64/CheckFunctionExists.d --serialize-diagnostics /Users/jamesfolk/Documents/NJLI/TESTBED/test_project_repo/_build_ios/CMakeFiles/CMakeTmp/CMAKE_TRY_COMPILE.build/Debug/cmTC_cb3a7.build/Objects-normal/x86_64/CheckFunctionExists.dia -c /usr/local/Cellar/cmake/3.9.4_1/share/cmake/Modules/CheckFunctionExists.c -o /Users/jamesfolk/Documents/NJLI/TESTBED/test_project_repo/_build_ios/CMakeFiles/CMakeTmp/CMAKE_TRY_COMPILE.build/Debug/cmTC_cb3a7.build/Objects-normal/x86_64/CheckFunctionExists.o

Ld Debug/cmTC_cb3a7 normal x86_64
    cd /Users/jamesfolk/Documents/NJLI/TESTBED/test_project_repo/_build_ios/CMakeFiles/CMakeTmp
    export MACOSX_DEPLOYMENT_TARGET=10.13
    /Applications/Xcode.app/Contents/Developer/Toolchains/XcodeDefault.xctoolchain/usr/bin/clang -arch x86_64 -isysroot /Applications/Xcode.app/Contents/Developer/Platforms/MacOSX.platform/Developer/SDKs/MacOSX10.13.sdk -L/Users/jamesfolk/Documents/NJLI/TESTBED/test_project_repo/_build_ios/CMakeFiles/CMakeTmp/Debug -F/Users/jamesfolk/Documents/NJLI/TESTBED/test_project_repo/_build_ios/CMakeFiles/CMakeTmp/Debug -filelist /Users/jamesfolk/Documents/NJLI/TESTBED/test_project_repo/_build_ios/CMakeFiles/CMakeTmp/CMAKE_TRY_COMPILE.build/Debug/cmTC_cb3a7.build/Objects-normal/x86_64/cmTC_cb3a7.LinkFileList -mmacosx-version-min=10.13 -Xlinker -object_path_lto -Xlinker /Users/jamesfolk/Documents/NJLI/TESTBED/test_project_repo/_build_ios/CMakeFiles/CMakeTmp/CMAKE_TRY_COMPILE.build/Debug/cmTC_cb3a7.build/Objects-normal/x86_64/cmTC_cb3a7_lto.o -Xlinker -no_deduplicate -Wl,-search_paths_first -Wl,-headerpad_max_install_names -Xlinker -dependency_info -Xlinker /Users/jamesfolk/Documents/NJLI/TESTBED/test_project_repo/_build_ios/CMakeFiles/CMakeTmp/CMAKE_TRY_COMPILE.build/Debug/cmTC_cb3a7.build/Objects-normal/x86_64/cmTC_cb3a7_dependency_info.dat -o /Users/jamesfolk/Documents/NJLI/TESTBED/test_project_repo/_build_ios/CMakeFiles/CMakeTmp/Debug/cmTC_cb3a7
Undefined symbols for architecture x86_64:
  "_getauxval", referenced from:
      _main in CheckFunctionExists.o
ld: symbol(s) not found for architecture x86_64
clang: error: linker command failed with exit code 1 (use -v to see invocation)

** BUILD FAILED **


The following build commands failed:
	Ld Debug/cmTC_cb3a7 normal x86_64
(1 failure)


Performing C SOURCE FILE Test HAVE_PTHREADS failed with the following output:
Change Dir: /Users/jamesfolk/Documents/NJLI/TESTBED/test_project_repo/_build_ios/CMakeFiles/CMakeTmp

Run Build Command:"/Applications/Xcode.app/Contents/Developer/usr/bin/xcodebuild" "-project" "CMAKE_TRY_COMPILE.xcodeproj" "build" "-target" "cmTC_74280" "-configuration" "Debug"
=== BUILD TARGET cmTC_74280 OF PROJECT CMAKE_TRY_COMPILE WITH CONFIGURATION Debug ===

Check dependencies
target specifies product type 'com.apple.product-type.tool', but there's no such product type for the 'iphoneos' platform

** BUILD FAILED **


The following build commands failed:
	Check dependencies
(1 failure)

Return value: 1
Source file was:

        #include <pthread.h>
        int main(int argc, char** argv) {
          pthread_attr_t type;
          pthread_attr_init(&type);
          return 0;
        }
